{"level":"info","message":"📥 Received webhook payload","object":"whatsapp_business_account","timestamp":"2025-01-16T12:59:23.260Z"}
{"level":"info","message":"📥 Received webhook payload","object":"whatsapp_business_account","timestamp":"2025-01-16T12:59:23.513Z"}
{"level":"info","message":"📥 Received webhook payload","object":"whatsapp_business_account","timestamp":"2025-01-16T12:59:24.337Z"}
{"level":"info","message":"📥 Received webhook payload","object":"whatsapp_business_account","timestamp":"2025-01-16T12:59:25.153Z"}
{"level":"info","message":"📥 Received webhook payload","object":"whatsapp_business_account","timestamp":"2025-01-16T13:01:04.034Z"}
{"level":"info","message":"📥 Received webhook payload","object":"whatsapp_business_account","timestamp":"2025-01-16T13:01:39.268Z"}
{"level":"info","message":"📥 Received webhook payload","object":"whatsapp_business_account","timestamp":"2025-01-16T13:01:39.444Z"}
{"level":"info","message":"📥 Received webhook payload","object":"whatsapp_business_account","timestamp":"2025-01-16T13:02:27.882Z"}
{"level":"info","message":"📥 Received webhook payload","object":"whatsapp_business_account","timestamp":"2025-01-16T13:02:28.680Z"}
{"level":"info","message":"📥 Received webhook payload","object":"whatsapp_business_account","timestamp":"2025-01-16T13:02:29.550Z"}
{"level":"info","message":"📥 Received webhook payload","object":"whatsapp_business_account","timestamp":"2025-01-16T13:02:36.223Z"}
{"level":"info","message":"📥 Received webhook payload","object":"whatsapp_business_account","timestamp":"2025-01-16T13:03:37.073Z"}
{"level":"info","message":"📥 Received webhook payload","object":"whatsapp_business_account","timestamp":"2025-01-16T13:03:43.586Z"}
{"level":"info","message":"📥 Received webhook payload","object":"whatsapp_business_account","timestamp":"2025-01-16T13:04:04.855Z"}
{"level":"info","message":"📥 Received webhook payload","object":"whatsapp_business_account","timestamp":"2025-01-16T13:04:04.859Z"}
{"level":"info","message":"📥 Received webhook payload","object":"whatsapp_business_account","timestamp":"2025-01-16T13:04:19.746Z"}
{"from":"923254122821","level":"info","message":"📥 Processing message","timestamp":"2025-01-16T13:04:19.748Z","type":"document"}
{"filename":"001 (6).pdf","level":"info","mediaId":"1231401741840339","message":"📎 Received document","timestamp":"2025-01-16T13:04:20.425Z"}
{"level":"info","mediaId":"1231401741840339","message":"🔍 Fetching media URL","timestamp":"2025-01-16T13:04:20.426Z"}
{"level":"info","message":"📥 Received webhook payload","object":"whatsapp_business_account","timestamp":"2025-01-16T13:04:20.687Z"}
{"level":"info","message":"✅ Media URL fetched successfully","timestamp":"2025-01-16T13:04:20.999Z"}
{"hasMedia":true,"leadId":9,"level":"info","message":"💾 Storing message in database","timestamp":"2025-01-16T13:04:21.001Z","type":"document"}
{"level":"info","message":"📥 Received webhook payload","object":"whatsapp_business_account","timestamp":"2025-01-16T13:04:21.694Z"}
{"level":"info","message":"📥 Received webhook payload","object":"whatsapp_business_account","timestamp":"2025-01-16T13:05:01.873Z"}
{"level":"info","message":"📥 Received webhook payload","object":"whatsapp_business_account","timestamp":"2025-01-16T13:05:27.168Z"}
{"level":"info","message":"📥 Received webhook payload","object":"whatsapp_business_account","timestamp":"2025-01-16T13:06:10.853Z"}
{"level":"info","message":"📥 Received webhook payload","object":"whatsapp_business_account","timestamp":"2025-01-16T13:06:18.220Z"}
{"level":"info","message":"📥 Received webhook payload","object":"whatsapp_business_account","timestamp":"2025-01-16T13:08:40.251Z"}
{"level":"info","message":"📥 Received webhook payload","object":"whatsapp_business_account","timestamp":"2025-01-16T13:09:54.569Z"}
{"level":"info","message":"📥 Received webhook payload","object":"whatsapp_business_account","timestamp":"2025-01-16T13:10:03.723Z"}
{"from":"923254122821","level":"info","message":"📥 Processing message","timestamp":"2025-01-16T13:10:03.724Z","type":"audio"}
{"level":"info","mediaId":"1084589223408556","message":"🎵 Received audio message","timestamp":"2025-01-16T13:10:04.446Z"}
{"level":"info","mediaId":"1084589223408556","message":"🔍 Fetching media URL","timestamp":"2025-01-16T13:10:04.447Z"}
{"level":"info","message":"✅ Media URL fetched successfully","timestamp":"2025-01-16T13:10:04.934Z"}
{"hasMedia":true,"leadId":9,"level":"info","message":"💾 Storing message in database","timestamp":"2025-01-16T13:10:04.935Z","type":"audio"}
{"level":"info","message":"📤 Attempting to send document to 923254122821","mimeType":"application/pdf","timestamp":"2025-01-16T13:10:34.312Z"}
{"level":"info","message":"📤 Uploading media file","mimeType":"application/pdf","timestamp":"2025-01-16T13:10:34.313Z"}
{"error":{"code":"ERR_INVALID_ARG_TYPE"},"level":"error","message":"❌ Error uploading media: The \"path\" argument must be of type string or an instance of Buffer or URL. Received undefined","timestamp":"2025-01-16T13:10:34.314Z"}
{"error":{"code":"ERR_INVALID_ARG_TYPE"},"level":"error","message":"❌ Error sending media message: The \"path\" argument must be of type string or an instance of Buffer or URL. Received undefined","timestamp":"2025-01-16T13:10:34.315Z"}
{"level":"info","message":"📥 Received webhook payload","object":"whatsapp_business_account","timestamp":"2025-01-16T13:13:43.772Z"}
{"from":"923254122821","level":"info","message":"📥 Processing message","timestamp":"2025-01-16T13:13:43.773Z","type":"document"}
{"filename":"001 (6).pdf","level":"info","mediaId":"1143375577418469","message":"📎 Received document","timestamp":"2025-01-16T13:13:44.368Z"}
{"level":"info","mediaId":"1143375577418469","message":"🔍 Fetching media URL","timestamp":"2025-01-16T13:13:44.369Z"}
{"level":"info","message":"✅ Media URL fetched successfully","timestamp":"2025-01-16T13:13:44.870Z"}
{"hasMedia":true,"leadId":9,"level":"info","message":"💾 Storing message in database","timestamp":"2025-01-16T13:13:44.871Z","type":"document"}
{"level":"info","message":"📥 Received webhook payload","object":"whatsapp_business_account","timestamp":"2025-01-16T13:14:46.604Z"}
{"level":"info","message":"📥 Received webhook payload","object":"whatsapp_business_account","timestamp":"2025-01-16T13:14:47.349Z"}
{"level":"info","message":"📥 Received webhook payload","object":"whatsapp_business_account","timestamp":"2025-01-16T13:14:48.072Z"}
{"level":"info","message":"📥 Received webhook payload","object":"whatsapp_business_account","timestamp":"2025-01-16T13:14:48.788Z"}
{"level":"info","message":"📥 Received webhook payload","object":"whatsapp_business_account","timestamp":"2025-01-16T13:17:58.345Z"}
{"level":"info","message":"📥 Received webhook payload","object":"whatsapp_business_account","timestamp":"2025-01-16T13:18:45.366Z"}
{"level":"info","message":"📥 Received webhook payload","object":"whatsapp_business_account","timestamp":"2025-01-16T13:21:25.924Z"}
{"level":"info","message":"📥 Received webhook payload","object":"whatsapp_business_account","timestamp":"2025-01-16T13:22:15.474Z"}
{"level":"info","message":"📥 Received webhook payload","object":"whatsapp_business_account","timestamp":"2025-01-16T13:23:37.656Z"}
{"from":"923254122821","level":"info","message":"📥 Processing message","timestamp":"2025-01-16T13:23:37.658Z","type":"document"}
{"filename":"00000001.pdf","level":"info","mediaId":"577013895238616","message":"📎 Received document","timestamp":"2025-01-16T13:23:38.383Z"}
{"level":"info","mediaId":"577013895238616","message":"🔍 Fetching media URL","timestamp":"2025-01-16T13:23:38.386Z"}
{"level":"info","message":"✅ Media URL fetched successfully","timestamp":"2025-01-16T13:23:39.965Z"}
{"hasMedia":true,"leadId":9,"level":"info","message":"💾 Storing message in database","timestamp":"2025-01-16T13:23:40.248Z","type":"document"}
{"level":"info","message":"📥 Received webhook payload","object":"whatsapp_business_account","timestamp":"2025-01-16T13:26:37.263Z"}
{"from":"923254122821","level":"info","message":"📥 Processing message","timestamp":"2025-01-16T13:26:37.265Z","type":"document"}
{"filename":"001000000000087075_001_240921440_C02_117_1.pdf","level":"info","mediaId":"477592035111667","message":"📎 Received document","timestamp":"2025-01-16T13:26:37.927Z"}
{"level":"info","mediaId":"477592035111667","message":"🔍 Fetching media URL","timestamp":"2025-01-16T13:26:37.928Z"}
{"level":"info","message":"✅ Media URL fetched successfully","timestamp":"2025-01-16T13:26:38.413Z"}
{"code":"PGRST204","details":null,"hint":null,"level":"error","message":"❌ Error storing document message: Could not find the 'type' column of 'messages' in the schema cache","timestamp":"2025-01-16T13:26:38.691Z"}
{"code":"PGRST204","details":null,"hint":null,"level":"error","message":"❌ Error processing document: Could not find the 'type' column of 'messages' in the schema cache","timestamp":"2025-01-16T13:26:38.694Z"}
{"error":{"code":"PGRST204","details":null,"hint":null,"message":"Could not find the 'type' column of 'messages' in the schema cache"},"level":"error","message":"❌ Error processing webhook: Could not find the 'type' column of 'messages' in the schema cache","timestamp":"2025-01-16T13:26:38.696Z"}
{"level":"info","message":"📥 Received webhook payload","object":"whatsapp_business_account","timestamp":"2025-01-16T13:26:39.616Z"}
{"from":"923254122821","level":"info","message":"📥 Processing message","timestamp":"2025-01-16T13:26:39.617Z","type":"document"}
{"filename":"001000000000087075_001_240921440_C02_117_1.pdf","level":"info","mediaId":"477592035111667","message":"📎 Received document","timestamp":"2025-01-16T13:26:39.911Z"}
{"level":"info","mediaId":"477592035111667","message":"🔍 Fetching media URL","timestamp":"2025-01-16T13:26:39.915Z"}
{"level":"info","message":"✅ Media URL fetched successfully","timestamp":"2025-01-16T13:26:40.265Z"}
{"code":"PGRST204","details":null,"hint":null,"level":"error","message":"❌ Error storing document message: Could not find the 'type' column of 'messages' in the schema cache","timestamp":"2025-01-16T13:26:40.564Z"}
{"code":"PGRST204","details":null,"hint":null,"level":"error","message":"❌ Error processing document: Could not find the 'type' column of 'messages' in the schema cache","timestamp":"2025-01-16T13:26:40.567Z"}
{"error":{"code":"PGRST204","details":null,"hint":null,"message":"Could not find the 'type' column of 'messages' in the schema cache"},"level":"error","message":"❌ Error processing webhook: Could not find the 'type' column of 'messages' in the schema cache","timestamp":"2025-01-16T13:26:40.570Z"}
{"level":"info","message":"📥 Received webhook payload","object":"whatsapp_business_account","timestamp":"2025-01-16T13:26:41.471Z"}
{"from":"923254122821","level":"info","message":"📥 Processing message","timestamp":"2025-01-16T13:26:41.473Z","type":"document"}
{"filename":"001000000000087075_001_240921440_C02_117_1.pdf","level":"info","mediaId":"477592035111667","message":"📎 Received document","timestamp":"2025-01-16T13:26:41.758Z"}
{"level":"info","mediaId":"477592035111667","message":"🔍 Fetching media URL","timestamp":"2025-01-16T13:26:41.759Z"}
{"level":"info","message":"✅ Media URL fetched successfully","timestamp":"2025-01-16T13:26:42.100Z"}
{"code":"PGRST204","details":null,"hint":null,"level":"error","message":"❌ Error storing document message: Could not find the 'type' column of 'messages' in the schema cache","timestamp":"2025-01-16T13:26:42.384Z"}
{"code":"PGRST204","details":null,"hint":null,"level":"error","message":"❌ Error processing document: Could not find the 'type' column of 'messages' in the schema cache","timestamp":"2025-01-16T13:26:42.386Z"}
{"error":{"code":"PGRST204","details":null,"hint":null,"message":"Could not find the 'type' column of 'messages' in the schema cache"},"level":"error","message":"❌ Error processing webhook: Could not find the 'type' column of 'messages' in the schema cache","timestamp":"2025-01-16T13:26:42.388Z"}
{"level":"info","message":"📥 Received webhook payload","object":"whatsapp_business_account","timestamp":"2025-01-16T13:26:44.634Z"}
{"from":"923254122821","level":"info","message":"📥 Processing message","timestamp":"2025-01-16T13:26:44.635Z","type":"document"}
{"filename":"001000000000087075_001_240921440_C02_117_1.pdf","level":"info","mediaId":"477592035111667","message":"📎 Received document","timestamp":"2025-01-16T13:26:44.911Z"}
{"level":"info","mediaId":"477592035111667","message":"🔍 Fetching media URL","timestamp":"2025-01-16T13:26:44.912Z"}
{"level":"info","message":"✅ Media URL fetched successfully","timestamp":"2025-01-16T13:26:45.280Z"}
{"code":"PGRST204","details":null,"hint":null,"level":"error","message":"❌ Error storing document message: Could not find the 'type' column of 'messages' in the schema cache","timestamp":"2025-01-16T13:26:45.565Z"}
{"code":"PGRST204","details":null,"hint":null,"level":"error","message":"❌ Error processing document: Could not find the 'type' column of 'messages' in the schema cache","timestamp":"2025-01-16T13:26:45.567Z"}
{"error":{"code":"PGRST204","details":null,"hint":null,"message":"Could not find the 'type' column of 'messages' in the schema cache"},"level":"error","message":"❌ Error processing webhook: Could not find the 'type' column of 'messages' in the schema cache","timestamp":"2025-01-16T13:26:45.570Z"}
{"level":"info","message":"📥 Received webhook payload","object":"whatsapp_business_account","timestamp":"2025-01-16T13:27:09.416Z"}
{"from":"923254122821","level":"info","message":"📥 Processing message","timestamp":"2025-01-16T13:27:09.417Z","type":"document"}
{"filename":"001000000000087075_001_240921440_C02_117_1.pdf","level":"info","mediaId":"477592035111667","message":"📎 Received document","timestamp":"2025-01-16T13:27:10.025Z"}
{"level":"info","mediaId":"477592035111667","message":"🔍 Fetching media URL","timestamp":"2025-01-16T13:27:10.027Z"}
{"level":"info","message":"✅ Media URL fetched successfully","timestamp":"2025-01-16T13:27:10.447Z"}
{"code":"PGRST204","details":null,"hint":null,"level":"error","message":"❌ Error storing document message: Could not find the 'type' column of 'messages' in the schema cache","timestamp":"2025-01-16T13:27:10.718Z"}
{"code":"PGRST204","details":null,"hint":null,"level":"error","message":"❌ Error processing document: Could not find the 'type' column of 'messages' in the schema cache","timestamp":"2025-01-16T13:27:10.720Z"}
{"error":{"code":"PGRST204","details":null,"hint":null,"message":"Could not find the 'type' column of 'messages' in the schema cache"},"level":"error","message":"❌ Error processing webhook: Could not find the 'type' column of 'messages' in the schema cache","timestamp":"2025-01-16T13:27:10.722Z"}
{"level":"info","message":"📥 Received webhook payload","object":"whatsapp_business_account","timestamp":"2025-01-16T13:27:55.559Z"}
{"level":"info","message":"📥 Received webhook payload","object":"whatsapp_business_account","timestamp":"2025-01-16T13:33:05.443Z"}
{"from":"923254122821","level":"info","message":"📥 Processing message","timestamp":"2025-01-16T13:33:05.443Z","type":"document"}
{"filename":"001000000000087075_001_240921440_C02_117_1.pdf","level":"info","mediaId":"477592035111667","message":"📎 Received document","timestamp":"2025-01-16T13:33:07.078Z"}
{"level":"info","mediaId":"477592035111667","message":"🔍 Fetching media URL","timestamp":"2025-01-16T13:33:07.081Z"}
{"level":"info","message":"✅ Media URL fetched successfully","timestamp":"2025-01-16T13:33:07.506Z"}
{"code":"PGRST204","details":null,"hint":null,"level":"error","message":"❌ Error storing document message: Could not find the 'type' column of 'messages' in the schema cache","timestamp":"2025-01-16T13:33:07.756Z"}
{"code":"PGRST204","details":null,"hint":null,"level":"error","message":"❌ Error processing document: Could not find the 'type' column of 'messages' in the schema cache","timestamp":"2025-01-16T13:33:07.759Z"}
{"error":{"code":"PGRST204","details":null,"hint":null,"message":"Could not find the 'type' column of 'messages' in the schema cache"},"level":"error","message":"❌ Error processing webhook: Could not find the 'type' column of 'messages' in the schema cache","timestamp":"2025-01-16T13:33:07.762Z"}
{"level":"info","message":"📥 Received webhook payload","object":"whatsapp_business_account","timestamp":"2025-01-16T13:50:00.506Z"}
{"from":"923254122821","level":"info","message":"📥 Processing message","timestamp":"2025-01-16T13:50:00.508Z","type":"document"}
{"filename":"001000000000087075_001_240921440_C02_117_1.pdf","level":"info","mediaId":"1124892042180926","message":"📎 Received document","timestamp":"2025-01-16T13:50:01.277Z"}
{"level":"info","mediaId":"1124892042180926","message":"🔍 Fetching media URL","timestamp":"2025-01-16T13:50:01.277Z"}
{"level":"info","message":"✅ Media URL fetched successfully","timestamp":"2025-01-16T13:50:01.812Z"}
{"level":"info","message":"📥 Received webhook payload","object":"whatsapp_business_account","timestamp":"2025-01-16T13:50:36.261Z"}
{"level":"info","message":"📤 Attempting to send document to 923254122821","mimeType":"application/pdf","timestamp":"2025-01-16T13:50:46.576Z"}
{"level":"info","message":"📤 Uploading media file","mimeType":"application/pdf","timestamp":"2025-01-16T13:50:46.577Z"}
{"error":{"code":"ERR_INVALID_ARG_TYPE"},"level":"error","message":"❌ Error uploading media: The \"path\" argument must be of type string or an instance of Buffer or URL. Received undefined","timestamp":"2025-01-16T13:50:46.580Z"}
{"error":{"code":"ERR_INVALID_ARG_TYPE"},"level":"error","message":"❌ Error sending media message: The \"path\" argument must be of type string or an instance of Buffer or URL. Received undefined","timestamp":"2025-01-16T13:50:46.581Z"}
{"level":"info","message":"📤 Attempting to send document to 923254122821","mimeType":"application/pdf","timestamp":"2025-01-16T13:53:44.131Z"}
{"level":"info","message":"📤 Uploading media file","mimeType":"application/pdf","timestamp":"2025-01-16T13:53:44.132Z"}
{"error":{"code":"ERR_INVALID_ARG_TYPE"},"level":"error","message":"❌ Error uploading media: The \"path\" argument must be of type string or an instance of Buffer or URL. Received undefined","timestamp":"2025-01-16T13:53:44.133Z"}
{"error":{"code":"ERR_INVALID_ARG_TYPE"},"level":"error","message":"❌ Error sending media message: The \"path\" argument must be of type string or an instance of Buffer or URL. Received undefined","timestamp":"2025-01-16T13:53:44.133Z"}
{"level":"info","message":"📥 Received webhook payload","object":"whatsapp_business_account","timestamp":"2025-01-16T14:01:18.747Z"}
{"level":"info","message":"📥 Received webhook payload","object":"whatsapp_business_account","timestamp":"2025-01-16T14:01:19.546Z"}
{"level":"info","message":"📥 Received webhook payload","object":"whatsapp_business_account","timestamp":"2025-01-16T14:08:02.943Z"}
{"level":"info","message":"📥 Received webhook payload","object":"whatsapp_business_account","timestamp":"2025-01-16T14:10:39.812Z"}
{"level":"info","message":"📥 Received webhook payload","object":"whatsapp_business_account","timestamp":"2025-01-16T14:10:40.548Z"}
{"level":"info","message":"📥 Received webhook payload","object":"whatsapp_business_account","timestamp":"2025-01-16T14:11:44.439Z"}
{"level":"info","message":"📤 Attempting to send document to 923254122821","mimeType":"application/pdf","timestamp":"2025-01-16T14:16:14.410Z"}
{"level":"info","message":"📥 Received webhook payload","object":"whatsapp_business_account","timestamp":"2025-01-16T14:16:25.136Z"}
{"level":"info","message":"📤 Attempting to send document to 923254122821","mimeType":"application/pdf","timestamp":"2025-01-16T14:16:52.166Z"}
{"level":"info","message":"📥 Received webhook payload","object":"whatsapp_business_account","timestamp":"2025-01-16T14:19:20.680Z"}
{"level":"info","message":"📥 Received webhook payload","object":"whatsapp_business_account","timestamp":"2025-01-16T14:19:21.535Z"}
{"filename":"Invoice INV-0133-25.pdf","level":"info","message":"📤 Attempting to send document to 923254122821","mimeType":"application/pdf","timestamp":"2025-01-16T14:19:50.900Z"}
{"level":"info","message":"📤 Uploading media file","mimeType":"application/pdf","timestamp":"2025-01-16T14:19:50.903Z"}
{"error":{},"level":"error","message":"❌ Error uploading media: form.getHeaders is not a function","timestamp":"2025-01-16T14:19:50.904Z"}
{"error":{},"level":"error","message":"❌ Error sending media message: form.getHeaders is not a function","timestamp":"2025-01-16T14:19:50.904Z"}
{"filename":"Invoice INV-0133-25.pdf","level":"info","message":"📤 Attempting to send document to 923254122821","mimeType":"application/pdf","timestamp":"2025-01-16T14:25:36.510Z"}
{"level":"info","message":"📥 Received webhook payload","object":"whatsapp_business_account","timestamp":"2025-01-16T14:25:40.616Z"}
{"level":"info","message":"📥 Received webhook payload","object":"whatsapp_business_account","timestamp":"2025-01-16T14:25:40.703Z"}
{"level":"info","message":"📥 Received webhook payload","object":"whatsapp_business_account","timestamp":"2025-01-16T14:26:04.102Z"}
{"level":"info","message":"📥 Received webhook payload","object":"whatsapp_business_account","timestamp":"2025-01-16T14:31:24.058Z"}
{"from":"923254122821","level":"info","message":"📥 Processing message","timestamp":"2025-01-16T14:31:24.059Z","type":"document"}
{"filename":"1_Nouman's Resume.. .pdf","level":"info","mediaId":"1155136666000912","message":"📎 Received document","timestamp":"2025-01-16T14:31:25.071Z"}
{"level":"info","mediaId":"1155136666000912","message":"🔍 Fetching media URL","timestamp":"2025-01-16T14:31:25.072Z"}
{"level":"info","message":"✅ Media URL fetched successfully","timestamp":"2025-01-16T14:31:25.588Z"}
{"level":"info","message":"📥 Received webhook payload","object":"whatsapp_business_account","timestamp":"2025-01-16T14:37:52.795Z"}
{"level":"info","message":"📥 Received webhook payload","object":"whatsapp_business_account","timestamp":"2025-01-16T14:37:53.554Z"}
{"level":"info","message":"📥 Received webhook payload","object":"whatsapp_business_account","timestamp":"2025-01-16T15:12:07.821Z"}
{"level":"info","message":"📥 Received webhook payload","object":"whatsapp_business_account","timestamp":"2025-01-16T15:12:08.613Z"}
{"level":"info","message":"📥 Received webhook payload","object":"whatsapp_business_account","timestamp":"2025-01-16T15:12:45.326Z"}
{"from":"923254122821","level":"info","message":"📥 Processing message","timestamp":"2025-01-16T15:12:45.327Z","type":"document"}
{"filename":"001000000000087075_001_240921440_C02_117_1.pdf","level":"info","mediaId":"477592035111667","message":"📎 Received document","timestamp":"2025-01-16T15:12:46.374Z"}
{"level":"info","mediaId":"477592035111667","message":"🔍 Fetching media URL","timestamp":"2025-01-16T15:12:46.376Z"}
{"error":{"code":"ERR_BAD_REQUEST","config":{"adapter":["xhr","http","fetch"],"env":{},"headers":{"Accept":"application/json, text/plain, */*","Accept-Encoding":"gzip, compress, deflate, br","Authorization":"Bearer EAATEIhf8j5YBO2ZCsNOkEeqjzYVS7ZBitKyPFic3CWDm9t3lcnEdzKOCrsRJqq79uj8ZC5ZCDZAPZAqN6NyEXCkkV3TsvNHMgbYQdGY6AoSM6EY4GXFeRXu2CB72kKzxnQR3V6ZBfRVXiP7UrdylHZAiMYWiwlvM71AlRDNnkXil7AFjz2tO5YZBFPG6Ri7UkEYjJof8VhlgEONbN8BDrO1q3ZBZBG2ehErjENlEEFZAIXnZBL3AZD","User-Agent":"axios/1.7.9"},"maxBodyLength":-1,"maxContentLength":-1,"method":"get","timeout":0,"transformRequest":[null],"transformResponse":[null],"transitional":{"clarifyTimeoutError":false,"forcedJSONParsing":true,"silentJSONParsing":true},"url":"https://graph.facebook.com/v21.0/477592035111667","xsrfCookieName":"XSRF-TOKEN","xsrfHeaderName":"X-XSRF-TOKEN"},"message":"Request failed with status code 401","name":"AxiosError","stack":"AxiosError: Request failed with status code 401\n    at settle (file:///E:/IT-Projects/UmrahCRM/server/node_modules/axios/lib/core/settle.js:19:12)\n    at BrotliDecompress.handleStreamEnd (file:///E:/IT-Projects/UmrahCRM/server/node_modules/axios/lib/adapters/http.js:599:11)\n    at BrotliDecompress.emit (node:events:531:35)\n    at endReadableNT (node:internal/streams/readable:1696:12)\n    at process.processTicksAndRejections (node:internal/process/task_queues:82:21)\n    at Axios.request (file:///E:/IT-Projects/UmrahCRM/server/node_modules/axios/lib/core/Axios.js:45:41)\n    at process.processTicksAndRejections (node:internal/process/task_queues:95:5)\n    at async getMediaUrl (file:///E:/IT-Projects/UmrahCRM/server/services/WhatsappService.js:110:22)\n    at async receiveMessage (file:///E:/IT-Projects/UmrahCRM/server/controllers/webhookController.js:128:26)","status":401},"level":"error","message":"❌ Error fetching media URL: Request failed with status code 401","timestamp":"2025-01-16T15:12:46.793Z"}
{"code":"ERR_BAD_REQUEST","config":{"adapter":["xhr","http","fetch"],"env":{},"headers":{"Accept":"application/json, text/plain, */*","Accept-Encoding":"gzip, compress, deflate, br","Authorization":"Bearer EAATEIhf8j5YBO2ZCsNOkEeqjzYVS7ZBitKyPFic3CWDm9t3lcnEdzKOCrsRJqq79uj8ZC5ZCDZAPZAqN6NyEXCkkV3TsvNHMgbYQdGY6AoSM6EY4GXFeRXu2CB72kKzxnQR3V6ZBfRVXiP7UrdylHZAiMYWiwlvM71AlRDNnkXil7AFjz2tO5YZBFPG6Ri7UkEYjJof8VhlgEONbN8BDrO1q3ZBZBG2ehErjENlEEFZAIXnZBL3AZD","User-Agent":"axios/1.7.9"},"maxBodyLength":-1,"maxContentLength":-1,"method":"get","timeout":0,"transformRequest":[null],"transformResponse":[null],"transitional":{"clarifyTimeoutError":false,"forcedJSONParsing":true,"silentJSONParsing":true},"url":"https://graph.facebook.com/v21.0/477592035111667","xsrfCookieName":"XSRF-TOKEN","xsrfHeaderName":"X-XSRF-TOKEN"},"level":"error","message":"❌ Error processing document: Request failed with status code 401","name":"AxiosError","request":{"_closed":true,"_contentLength":0,"_defaultKeepAlive":true,"_ended":true,"_events":{},"_eventsCount":7,"_hasBody":true,"_header":"GET /v21.0/477592035111667 HTTP/1.1\r\nAccept: application/json, text/plain, */*\r\nAuthorization: Bearer EAATEIhf8j5YBO2ZCsNOkEeqjzYVS7ZBitKyPFic3CWDm9t3lcnEdzKOCrsRJqq79uj8ZC5ZCDZAPZAqN6NyEXCkkV3TsvNHMgbYQdGY6AoSM6EY4GXFeRXu2CB72kKzxnQR3V6ZBfRVXiP7UrdylHZAiMYWiwlvM71AlRDNnkXil7AFjz2tO5YZBFPG6Ri7UkEYjJof8VhlgEONbN8BDrO1q3ZBZBG2ehErjENlEEFZAIXnZBL3AZD\r\nUser-Agent: axios/1.7.9\r\nAccept-Encoding: gzip, compress, deflate, br\r\nHost: graph.facebook.com\r\nConnection: keep-alive\r\n\r\n","_headerSent":true,"_keepAliveTimeout":0,"_last":true,"_redirectable":{"_currentRequest":"[Circular]","_currentUrl":"https://graph.facebook.com/v21.0/477592035111667","_ended":true,"_ending":true,"_events":{},"_eventsCount":3,"_options":{"agents":{},"beforeRedirects":{},"headers":{"Accept":"application/json, text/plain, */*","Accept-Encoding":"gzip, compress, deflate, br","Authorization":"Bearer EAATEIhf8j5YBO2ZCsNOkEeqjzYVS7ZBitKyPFic3CWDm9t3lcnEdzKOCrsRJqq79uj8ZC5ZCDZAPZAqN6NyEXCkkV3TsvNHMgbYQdGY6AoSM6EY4GXFeRXu2CB72kKzxnQR3V6ZBfRVXiP7UrdylHZAiMYWiwlvM71AlRDNnkXil7AFjz2tO5YZBFPG6Ri7UkEYjJof8VhlgEONbN8BDrO1q3ZBZBG2ehErjENlEEFZAIXnZBL3AZD","User-Agent":"axios/1.7.9"},"hostname":"graph.facebook.com","maxBodyLength":null,"maxRedirects":21,"method":"GET","nativeProtocols":{"http:":{"METHODS":["ACL","BIND","CHECKOUT","CONNECT","COPY","DELETE","GET","HEAD","LINK","LOCK","M-SEARCH","MERGE","MKACTIVITY","MKCALENDAR","MKCOL","MOVE","NOTIFY","OPTIONS","PATCH","POST","PROPFIND","PROPPATCH","PURGE","PUT","REBIND","REPORT","SEARCH","SOURCE","SUBSCRIBE","TRACE","UNBIND","UNLINK","UNLOCK","UNSUBSCRIBE"],"STATUS_CODES":{"100":"Continue","101":"Switching Protocols","102":"Processing","103":"Early Hints","200":"OK","201":"Created","202":"Accepted","203":"Non-Authoritative Information","204":"No Content","205":"Reset Content","206":"Partial Content","207":"Multi-Status","208":"Already Reported","226":"IM Used","300":"Multiple Choices","301":"Moved Permanently","302":"Found","303":"See Other","304":"Not Modified","305":"Use Proxy","307":"Temporary Redirect","308":"Permanent Redirect","400":"Bad Request","401":"Unauthorized","402":"Payment Required","403":"Forbidden","404":"Not Found","405":"Method Not Allowed","406":"Not Acceptable","407":"Proxy Authentication Required","408":"Request Timeout","409":"Conflict","410":"Gone","411":"Length Required","412":"Precondition Failed","413":"Payload Too Large","414":"URI Too Long","415":"Unsupported Media Type","416":"Range Not Satisfiable","417":"Expectation Failed","418":"I'm a Teapot","421":"Misdirected Request","422":"Unprocessable Entity","423":"Locked","424":"Failed Dependency","425":"Too Early","426":"Upgrade Required","428":"Precondition Required","429":"Too Many Requests","431":"Request Header Fields Too Large","451":"Unavailable For Legal Reasons","500":"Internal Server Error","501":"Not Implemented","502":"Bad Gateway","503":"Service Unavailable","504":"Gateway Timeout","505":"HTTP Version Not Supported","506":"Variant Also Negotiates","507":"Insufficient Storage","508":"Loop Detected","509":"Bandwidth Limit Exceeded","510":"Not Extended","511":"Network Authentication Required"},"globalAgent":{"_events":{},"_eventsCount":2,"defaultPort":80,"freeSockets":{},"keepAlive":true,"keepAliveMsecs":1000,"maxFreeSockets":256,"maxSockets":null,"maxTotalSockets":null,"options":{"keepAlive":true,"noDelay":true,"path":null,"scheduling":"lifo","timeout":5000},"protocol":"http:","requests":{},"scheduling":"lifo","sockets":{},"totalSocketCount":0},"maxHeaderSize":16384},"https:":{"globalAgent":{"_events":{},"_eventsCount":2,"_sessionCache":{"list":["graph.facebook.com:443:::::::::::::::::::::"],"map":{"graph.facebook.com:443:::::::::::::::::::::":{"data":[48,130,7,159,2,1,1,2,2,3,4,4,2,19,3,4,32,105,104,214,123,222,169,111,51,208,75,155,145,189,54,137,50,203,79,211,114,180,159,73,142,189,33,101,83,235,145,89,160,4,32,165,230,164,224,208,146,217,223,18,185,127,29,219,57,161,236,204,252,153,123,168,116,222,204,103,228,204,201,243,223,209,67,161,6,2,4,103,137,33,238,162,4,2,2,28,32,163,130,6,158,48,130,6,154,48,130,5,130,160,3,2,1,2,2,16,15,140,225,164,181,226,112,25,57,130,233,86,227,40,38,45,48,13,6,9,42,134,72,134,247,13,1,1,11,5,0,48,112,49,11,48,9,6,3,85,4,6,19,2,85,83,49,21,48,19,6,3,85,4,10,19,12,68,105,103,105,67,101,114,116,32,73,110,99,49,25,48,23,6,3,85,4,11,19,16,119,119,119,46,100,105,103,105,99,101,114,116,46,99,111,109,49,47,48,45,6,3,85,4,3,19,38,68,105,103,105,67,101,114,116,32,83,72,65,50,32,72,105,103,104,32,65,115,115,117,114,97,110,99,101,32,83,101,114,118,101,114,32,67,65,48,30,23,13,50,52,49,48,50,53,48,48,48,48,48,48,90,23,13,50,53,48,49,50,51,50,51,53,57,53,57,90,48,111,49,11,48,9,6,3,85,4,6,19,2,85,83,49,19,48,17,6,3,85,4,8,19,10,67,97,108,105,102,111,114,110,105,97,49,19,48,17,6,3,85,4,7,19,10,77,101,110,108,111,32,80,97,114,107,49,29,48,27,6,3,85,4,10,19,20,77,101,116,97,32,80,108,97,116,102,111,114,109,115,44,32,73,110,99,46,49,23,48,21,6,3,85,4,3,12,14,42,46,102,97,99,101,98,111,111,107,46,99,111,109,48,89,48,19,6,7,42,134,72,206,61,2,1,6,8,42,134,72,206,61,3,1,7,3,66,0,4,1,158,45,147,204,208,186,117,186,197,185,129,211,95,144,183,245,158,50,79,217,54,35,12,187,13,55,87,109,44,116,247,236,116,227,44,169,203,196,4,250,138,234,138,43,119,77,9,46,110,3,143,168,190,92,33,109,110,65,39,153,172,24,60,163,130,3,250,48,130,3,246,48,31,6,3,85,29,35,4,24,48,22,128,20,81,104,255,144,175,2,7,117,60,204,217,101,100,98,162,18,184,89,114,59,48,29,6,3,85,29,14,4,22,4,20,55,56,52,88,219,162,53,29,229,61,138,241,37,159,9,253,104,203,65,254,48,129,181,6,3,85,29,17,4,129,173,48,129,170,130,14,42,46,102,97,99,101,98,111,111,107,46,99,111,109,130,14,42,46,102,97,99,101,98,111,111,107,46,110,101,116,130,11,42,46,102,98,99,100,110,46,110,101,116,130,11,42,46,102,98,115,98,120,46,99,111,109,130,16,42,46,109,46,102,97,99,101,98,111,111,107,46,99,111,109,130,15,42,46,109,101,115,115,101,110,103,101,114,46,99,111,109,130,14,42,46,120,120,46,102,98,99,100,110,46,110,101,116,130,14,42,46,120,121,46,102,98,99,100,110,46,110,101,116,130,14,42,46,120,122,46,102,98,99,100,110,46,110,101,116,130,12,102,97,99,101,98,111,111,107,46,99,111,109,130,13,109,101,115,115,101,110,103,101,114,46,99,111,109,48,62,6,3,85,29,32,4,55,48,53,48,51,6,6,103,129,12,1,2,2,48,41,48,39,6,8,43,6,1,5,5,7,2,1,22,27,104,116,116,112,58,47,47,119,119,119,46,100,105,103,105,99,101,114,116,46,99,111,109,47,67,80,83,48,14,6,3,85,29,15,1,1,255,4,4,3,2,3,136,48,29,6,3,85,29,37,4,22,48,20,6,8,43,6,1,5,5,7,3,1,6,8,43,6,1,5,5,7,3,2,48,117,6,3,85,29,31,4,110,48,108,48,52,160,50,160,48,134,46,104,116,116,112,58,47,47,99,114,108,51,46,100,105,103,105,99,101,114,116,46,99,111,109,47,115,104,97,50,45,104,97,45,115,101,114,118,101,114,45,103,54,46,99,114,108,48,52,160,50,160,48,134,46,104,116,116,112,58,47,47,99,114,108,52,46,100,105,103,105,99,101,114,116,46,99,111,109,47,115,104,97,50,45,104,97,45,115,101,114,118,101,114,45,103,54,46,99,114,108,48,129,131,6,8,43,6,1,5,5,7,1,1,4,119,48,117,48,36,6,8,43,6,1,5,5,7,48,1,134,24,104,116,116,112,58,47,47,111,99,115,112,46,100,105,103,105,99,101,114,116,46,99,111,109,48,77,6,8,43,6,1,5,5,7,48,2,134,65,104,116,116,112,58,47,47,99,97,99,101,114,116,115,46,100,105,103,105,99,101,114,116,46,99,111,109,47,68,105,103,105,67,101,114,116,83,72,65,50,72,105,103,104,65,115,115,117,114,97,110,99,101,83,101,114,118,101,114,67,65,46,99,114,116,48,12,6,3,85,29,19,1,1,255,4,2,48,0,48,130,1,128,6,10,43,6,1,4,1,214,121,2,4,2,4,130,1,112,4,130,1,108,1,106,0,118,0,78,117,163,39,92,154,16,195,56,91,108,212,223,63,82,235,29,240,224,142,27,141,105,192,177,250,100,177,98,154,57,223,0,0,1,146,193,8,123,194,0,0,4,3,0,71,48,69,2,33,0,142,58,142,200,205,14,113,90,242,107,144,108,129,174,212,122,144,212,231,99,247,161,221,148,19,83,81,226,212,97,187,0,2,32,71,157,99,141,21,183,47,150,165,198,139,69,147,78,228,70,40,157,245,205,23,148,41,113,190,87,64,225,80,17,200,177,0,119,0,230,210,49,99,64,119,140,193,16,65,6,215,113,185,206,193,210,64,246,150,132,134,251,186,135,50,29,253,30,55,142,80,0,0,1,146,193,8,123,169,0,0,4,3,0,72,48,70,2,33,0,141,226,242,197,187,114,61,96,7,155,143,185,189,57,22,18,49,230,180,50,173,18,131,147,195,215,24,156,172,30,243,207,2,33,0,157,137,81,14,221,44,150,113,52,2,112,103,11,225,218,182,244,112,54,254,12,24,15,191,52,185,114,209,235,252,212,45,0,119,0,204,251,15,106,133,113,9,101,254,149,155,83,206,233,178,124,34,233,133,92,13,151,141,182,169,126,84,192,254,76,13,176,0,0,1,146,193,8,123,111,0,0,4,3,0,72,48,70,2,33,0,210,245,236,207,90,49,254,94,88,107,210,250,200,21,78,22,86,204,196,47,185,191,76,55,111,139,220,236,170,162,178,50,2,33,0,183,157,57,119,150,97,60,95,66,178,197,239,42,87,72,26,19,191,222,61,136,39,65,224,36,16,194,71,253,50,178,216,48,13,6,9,42,134,72,134,247,13,1,1,11,5,0,3,130,1,1,0,76,178,81,234,155,23,11,189,226,108,74,220,210,199,207,83,206,80,7,221,28,157,237,156,129,195,187,178,223,51,198,54,85,237,188,38,82,142,168,167,224,35,192,138,90,69,21,133,38,151,197,82,178,244,176,86,114,162,147,240,234,26,52,194,115,48,227,196,77,222,99,251,157,247,10,1,76,49,203,177,148,206,130,57,221,125,116,237,25,176,10,155,92,162,254,242,236,25,184,94,79,199,246,223,76,46,55,19,201,32,152,165,115,86,144,122,100,48,120,38,253,36,170,139,11,52,5,191,164,98,113,2,61,232,4,210,45,233,251,142,66,140,23,34,33,181,166,199,89,147,96,41,181,129,8,249,208,123,141,9,58,183,237,8,72,30,179,143,78,152,195,175,50,11,197,110,49,65,60,58,121,202,196,95,252,5,30,118,41,100,220,220,1,47,236,3,108,149,243,164,51,75,146,101,35,28,85,159,197,50,238,167,118,240,231,198,126,217,69,25,203,177,37,115,109,206,108,107,149,249,192,135,206,78,228,57,177,65,229,222,189,34,149,8,27,98,172,60,98,67,250,200,152,137,6,147,164,2,4,0,169,5,2,3,2,163,0,170,129,133,4,129,130,181,253,31,214,230,109,12,180,11,21,194,38,127,218,199,156,196,192,25,227,244,223,20,191,243,102,33,64,24,115,236,171,0,0,0,0,204,174,54,10,104,56,49,73,145,149,118,147,123,214,141,90,117,20,127,144,108,234,149,123,131,82,168,186,235,253,193,135,27,45,168,0,225,241,17,108,73,178,119,237,209,144,245,245,46,171,175,246,142,32,4,188,59,188,153,143,160,110,1,191,155,3,245,197,26,27,112,29,155,129,127,25,126,81,160,233,123,222,52,23,124,1,91,163,181,135,205,212,244,33,174,6,2,4,99,188,214,66,179,3,2,1,29],"type":"Buffer"}}},"defaultPort":443,"freeSockets":{"graph.facebook.com:443:::::::::::::::::::::":[{"_SNICallback":null,"_closeAfterHandlingError":false,"_controlReleased":true,"_events":{"close":[null,null,null]},"_eventsCount":9,"_hadError":false,"_host":"graph.facebook.com","_httpMessage":null,"_newSessionPending":false,"_parent":null,"_pendingData":null,"_pendingEncoding":"","_readableState":{"awaitDrainWriters":null,"buffer":[],"bufferIndex":0,"highWaterMark":16384,"length":0,"pipes":[]},"_rejectUnauthorized":true,"_requestCert":true,"_secureEstablished":true,"_securePending":false,"_server":null,"_sockname":null,"_tlsOptions":{"isServer":false,"pipe":false,"rejectUnauthorized":true,"requestCert":true,"secureContext":{"context":{}}},"_writableState":{"bufferedIndex":0,"corked":0,"highWaterMark":16384,"length":0,"pendingcb":0,"writelen":0},"allowHalfOpen":false,"alpnProtocol":false,"authorizationError":null,"authorized":true,"autoSelectFamilyAttemptedAddresses":["2a03:2880:f34a:8d:face:b00c:0:2:443"],"connecting":false,"encrypted":true,"parser":null,"secureConnecting":false,"servername":"graph.facebook.com","ssl":{"_parent":{"onconnection":null,"reading":true},"_parentWrap":null,"_secureContext":{"context":{}},"reading":true},"timeout":5000}]},"keepAlive":true,"keepAliveMsecs":1000,"maxCachedSessions":100,"maxFreeSockets":256,"maxSockets":null,"maxTotalSockets":null,"options":{"keepAlive":true,"noDelay":true,"path":null,"scheduling":"lifo","timeout":5000},"protocol":"https:","requests":{},"scheduling":"lifo","sockets":{},"totalSocketCount":1}}},"path":"/v21.0/477592035111667","pathname":"/v21.0/477592035111667","port":"","protocol":"https:"},"_redirectCount":0,"_redirects":[],"_requestBodyBuffers":[],"_requestBodyLength":0,"_writableState":{"bufferedIndex":0,"corked":0,"highWaterMark":16384,"length":0,"pendingcb":0,"writelen":0}},"_removedConnection":false,"_removedContLen":false,"_removedTE":false,"_trailer":"","aborted":false,"agent":{"_events":{},"_eventsCount":2,"_sessionCache":{"list":["graph.facebook.com:443:::::::::::::::::::::"],"map":{"graph.facebook.com:443:::::::::::::::::::::":{"data":[48,130,7,159,2,1,1,2,2,3,4,4,2,19,3,4,32,105,104,214,123,222,169,111,51,208,75,155,145,189,54,137,50,203,79,211,114,180,159,73,142,189,33,101,83,235,145,89,160,4,32,165,230,164,224,208,146,217,223,18,185,127,29,219,57,161,236,204,252,153,123,168,116,222,204,103,228,204,201,243,223,209,67,161,6,2,4,103,137,33,238,162,4,2,2,28,32,163,130,6,158,48,130,6,154,48,130,5,130,160,3,2,1,2,2,16,15,140,225,164,181,226,112,25,57,130,233,86,227,40,38,45,48,13,6,9,42,134,72,134,247,13,1,1,11,5,0,48,112,49,11,48,9,6,3,85,4,6,19,2,85,83,49,21,48,19,6,3,85,4,10,19,12,68,105,103,105,67,101,114,116,32,73,110,99,49,25,48,23,6,3,85,4,11,19,16,119,119,119,46,100,105,103,105,99,101,114,116,46,99,111,109,49,47,48,45,6,3,85,4,3,19,38,68,105,103,105,67,101,114,116,32,83,72,65,50,32,72,105,103,104,32,65,115,115,117,114,97,110,99,101,32,83,101,114,118,101,114,32,67,65,48,30,23,13,50,52,49,48,50,53,48,48,48,48,48,48,90,23,13,50,53,48,49,50,51,50,51,53,57,53,57,90,48,111,49,11,48,9,6,3,85,4,6,19,2,85,83,49,19,48,17,6,3,85,4,8,19,10,67,97,108,105,102,111,114,110,105,97,49,19,48,17,6,3,85,4,7,19,10,77,101,110,108,111,32,80,97,114,107,49,29,48,27,6,3,85,4,10,19,20,77,101,116,97,32,80,108,97,116,102,111,114,109,115,44,32,73,110,99,46,49,23,48,21,6,3,85,4,3,12,14,42,46,102,97,99,101,98,111,111,107,46,99,111,109,48,89,48,19,6,7,42,134,72,206,61,2,1,6,8,42,134,72,206,61,3,1,7,3,66,0,4,1,158,45,147,204,208,186,117,186,197,185,129,211,95,144,183,245,158,50,79,217,54,35,12,187,13,55,87,109,44,116,247,236,116,227,44,169,203,196,4,250,138,234,138,43,119,77,9,46,110,3,143,168,190,92,33,109,110,65,39,153,172,24,60,163,130,3,250,48,130,3,246,48,31,6,3,85,29,35,4,24,48,22,128,20,81,104,255,144,175,2,7,117,60,204,217,101,100,98,162,18,184,89,114,59,48,29,6,3,85,29,14,4,22,4,20,55,56,52,88,219,162,53,29,229,61,138,241,37,159,9,253,104,203,65,254,48,129,181,6,3,85,29,17,4,129,173,48,129,170,130,14,42,46,102,97,99,101,98,111,111,107,46,99,111,109,130,14,42,46,102,97,99,101,98,111,111,107,46,110,101,116,130,11,42,46,102,98,99,100,110,46,110,101,116,130,11,42,46,102,98,115,98,120,46,99,111,109,130,16,42,46,109,46,102,97,99,101,98,111,111,107,46,99,111,109,130,15,42,46,109,101,115,115,101,110,103,101,114,46,99,111,109,130,14,42,46,120,120,46,102,98,99,100,110,46,110,101,116,130,14,42,46,120,121,46,102,98,99,100,110,46,110,101,116,130,14,42,46,120,122,46,102,98,99,100,110,46,110,101,116,130,12,102,97,99,101,98,111,111,107,46,99,111,109,130,13,109,101,115,115,101,110,103,101,114,46,99,111,109,48,62,6,3,85,29,32,4,55,48,53,48,51,6,6,103,129,12,1,2,2,48,41,48,39,6,8,43,6,1,5,5,7,2,1,22,27,104,116,116,112,58,47,47,119,119,119,46,100,105,103,105,99,101,114,116,46,99,111,109,47,67,80,83,48,14,6,3,85,29,15,1,1,255,4,4,3,2,3,136,48,29,6,3,85,29,37,4,22,48,20,6,8,43,6,1,5,5,7,3,1,6,8,43,6,1,5,5,7,3,2,48,117,6,3,85,29,31,4,110,48,108,48,52,160,50,160,48,134,46,104,116,116,112,58,47,47,99,114,108,51,46,100,105,103,105,99,101,114,116,46,99,111,109,47,115,104,97,50,45,104,97,45,115,101,114,118,101,114,45,103,54,46,99,114,108,48,52,160,50,160,48,134,46,104,116,116,112,58,47,47,99,114,108,52,46,100,105,103,105,99,101,114,116,46,99,111,109,47,115,104,97,50,45,104,97,45,115,101,114,118,101,114,45,103,54,46,99,114,108,48,129,131,6,8,43,6,1,5,5,7,1,1,4,119,48,117,48,36,6,8,43,6,1,5,5,7,48,1,134,24,104,116,116,112,58,47,47,111,99,115,112,46,100,105,103,105,99,101,114,116,46,99,111,109,48,77,6,8,43,6,1,5,5,7,48,2,134,65,104,116,116,112,58,47,47,99,97,99,101,114,116,115,46,100,105,103,105,99,101,114,116,46,99,111,109,47,68,105,103,105,67,101,114,116,83,72,65,50,72,105,103,104,65,115,115,117,114,97,110,99,101,83,101,114,118,101,114,67,65,46,99,114,116,48,12,6,3,85,29,19,1,1,255,4,2,48,0,48,130,1,128,6,10,43,6,1,4,1,214,121,2,4,2,4,130,1,112,4,130,1,108,1,106,0,118,0,78,117,163,39,92,154,16,195,56,91,108,212,223,63,82,235,29,240,224,142,27,141,105,192,177,250,100,177,98,154,57,223,0,0,1,146,193,8,123,194,0,0,4,3,0,71,48,69,2,33,0,142,58,142,200,205,14,113,90,242,107,144,108,129,174,212,122,144,212,231,99,247,161,221,148,19,83,81,226,212,97,187,0,2,32,71,157,99,141,21,183,47,150,165,198,139,69,147,78,228,70,40,157,245,205,23,148,41,113,190,87,64,225,80,17,200,177,0,119,0,230,210,49,99,64,119,140,193,16,65,6,215,113,185,206,193,210,64,246,150,132,134,251,186,135,50,29,253,30,55,142,80,0,0,1,146,193,8,123,169,0,0,4,3,0,72,48,70,2,33,0,141,226,242,197,187,114,61,96,7,155,143,185,189,57,22,18,49,230,180,50,173,18,131,147,195,215,24,156,172,30,243,207,2,33,0,157,137,81,14,221,44,150,113,52,2,112,103,11,225,218,182,244,112,54,254,12,24,15,191,52,185,114,209,235,252,212,45,0,119,0,204,251,15,106,133,113,9,101,254,149,155,83,206,233,178,124,34,233,133,92,13,151,141,182,169,126,84,192,254,76,13,176,0,0,1,146,193,8,123,111,0,0,4,3,0,72,48,70,2,33,0,210,245,236,207,90,49,254,94,88,107,210,250,200,21,78,22,86,204,196,47,185,191,76,55,111,139,220,236,170,162,178,50,2,33,0,183,157,57,119,150,97,60,95,66,178,197,239,42,87,72,26,19,191,222,61,136,39,65,224,36,16,194,71,253,50,178,216,48,13,6,9,42,134,72,134,247,13,1,1,11,5,0,3,130,1,1,0,76,178,81,234,155,23,11,189,226,108,74,220,210,199,207,83,206,80,7,221,28,157,237,156,129,195,187,178,223,51,198,54,85,237,188,38,82,142,168,167,224,35,192,138,90,69,21,133,38,151,197,82,178,244,176,86,114,162,147,240,234,26,52,194,115,48,227,196,77,222,99,251,157,247,10,1,76,49,203,177,148,206,130,57,221,125,116,237,25,176,10,155,92,162,254,242,236,25,184,94,79,199,246,223,76,46,55,19,201,32,152,165,115,86,144,122,100,48,120,38,253,36,170,139,11,52,5,191,164,98,113,2,61,232,4,210,45,233,251,142,66,140,23,34,33,181,166,199,89,147,96,41,181,129,8,249,208,123,141,9,58,183,237,8,72,30,179,143,78,152,195,175,50,11,197,110,49,65,60,58,121,202,196,95,252,5,30,118,41,100,220,220,1,47,236,3,108,149,243,164,51,75,146,101,35,28,85,159,197,50,238,167,118,240,231,198,126,217,69,25,203,177,37,115,109,206,108,107,149,249,192,135,206,78,228,57,177,65,229,222,189,34,149,8,27,98,172,60,98,67,250,200,152,137,6,147,164,2,4,0,169,5,2,3,2,163,0,170,129,133,4,129,130,181,253,31,214,230,109,12,180,11,21,194,38,127,218,199,156,196,192,25,227,244,223,20,191,243,102,33,64,24,115,236,171,0,0,0,0,204,174,54,10,104,56,49,73,145,149,118,147,123,214,141,90,117,20,127,144,108,234,149,123,131,82,168,186,235,253,193,135,27,45,168,0,225,241,17,108,73,178,119,237,209,144,245,245,46,171,175,246,142,32,4,188,59,188,153,143,160,110,1,191,155,3,245,197,26,27,112,29,155,129,127,25,126,81,160,233,123,222,52,23,124,1,91,163,181,135,205,212,244,33,174,6,2,4,99,188,214,66,179,3,2,1,29],"type":"Buffer"}}},"defaultPort":443,"freeSockets":{"graph.facebook.com:443:::::::::::::::::::::":[{"_SNICallback":null,"_closeAfterHandlingError":false,"_controlReleased":true,"_events":{"close":[null,null,null]},"_eventsCount":9,"_hadError":false,"_host":"graph.facebook.com","_httpMessage":null,"_newSessionPending":false,"_parent":null,"_pendingData":null,"_pendingEncoding":"","_readableState":{"awaitDrainWriters":null,"buffer":[],"bufferIndex":0,"highWaterMark":16384,"length":0,"pipes":[]},"_rejectUnauthorized":true,"_requestCert":true,"_secureEstablished":true,"_securePending":false,"_server":null,"_sockname":null,"_tlsOptions":{"isServer":false,"pipe":false,"rejectUnauthorized":true,"requestCert":true,"secureContext":{"context":{}}},"_writableState":{"bufferedIndex":0,"corked":0,"highWaterMark":16384,"length":0,"pendingcb":0,"writelen":0},"allowHalfOpen":false,"alpnProtocol":false,"authorizationError":null,"authorized":true,"autoSelectFamilyAttemptedAddresses":["2a03:2880:f34a:8d:face:b00c:0:2:443"],"connecting":false,"encrypted":true,"parser":null,"secureConnecting":false,"servername":"graph.facebook.com","ssl":{"_parent":{"onconnection":null,"reading":true},"_parentWrap":null,"_secureContext":{"context":{}},"reading":true},"timeout":5000}]},"keepAlive":true,"keepAliveMsecs":1000,"maxCachedSessions":100,"maxFreeSockets":256,"maxSockets":null,"maxTotalSockets":null,"options":{"keepAlive":true,"noDelay":true,"path":null,"scheduling":"lifo","timeout":5000},"protocol":"https:","requests":{},"scheduling":"lifo","sockets":{},"totalSocketCount":1},"chunkedEncoding":false,"destroyed":true,"finished":true,"host":"graph.facebook.com","maxHeadersCount":null,"maxRequestsOnConnectionReached":false,"method":"GET","outputData":[],"outputSize":0,"parser":null,"path":"/v21.0/477592035111667","protocol":"https:","res":{"_consuming":true,"_dumped":false,"_events":{"close":[null,null,null],"end":[null,null,null],"error":[null,null,null],"finish":[null,null]},"_eventsCount":4,"_readableState":{"awaitDrainWriters":null,"buffer":[],"bufferIndex":0,"highWaterMark":16384,"length":0,"pipes":[]},"aborted":false,"client":{"_SNICallback":null,"_closeAfterHandlingError":false,"_controlReleased":true,"_events":{"close":[null,null,null]},"_eventsCount":9,"_hadError":false,"_host":"graph.facebook.com","_httpMessage":null,"_newSessionPending":false,"_parent":null,"_pendingData":null,"_pendingEncoding":"","_readableState":{"awaitDrainWriters":null,"buffer":[],"bufferIndex":0,"highWaterMark":16384,"length":0,"pipes":[]},"_rejectUnauthorized":true,"_requestCert":true,"_secureEstablished":true,"_securePending":false,"_server":null,"_sockname":null,"_tlsOptions":{"isServer":false,"pipe":false,"rejectUnauthorized":true,"requestCert":true,"secureContext":{"context":{}}},"_writableState":{"bufferedIndex":0,"corked":0,"highWaterMark":16384,"length":0,"pendingcb":0,"writelen":0},"allowHalfOpen":false,"alpnProtocol":false,"authorizationError":null,"authorized":true,"autoSelectFamilyAttemptedAddresses":["2a03:2880:f34a:8d:face:b00c:0:2:443"],"connecting":false,"encrypted":true,"parser":null,"secureConnecting":false,"servername":"graph.facebook.com","ssl":{"_parent":{"onconnection":null,"reading":true},"_parentWrap":null,"_secureContext":{"context":{}},"reading":true},"timeout":5000},"complete":true,"httpVersion":"1.1","httpVersionMajor":1,"httpVersionMinor":1,"method":null,"rawHeaders":["Content-Encoding","br","error-mid","3b61b1893bdda23cc09efe288a53acdf","Vary","Origin","Vary","Accept-Encoding","Access-Control-Allow-Origin","*","cross-origin-resource-policy","cross-origin","x-app-usage","{\"call_count\":0,\"total_cputime\":0,\"total_time\":0}","Content-Type","application/json","WWW-Authenticate","OAuth \"Facebook Platform\" \"invalid_token\" \"Error validating access token: Session has expired on Thursday, 16-Jan-25 07:00:00 PST. The current time is Thursday, 16-Jan-25 07:12:46 PST.\"","Strict-Transport-Security","max-age=15552000; preload","Pragma","no-cache","Cache-Control","no-store","Expires","Sat, 01 Jan 2000 00:00:00 GMT","x-fb-request-id","AwhNbfghHi7R6tP8ssormZp","x-fb-trace-id","GGM93PAKg0e","x-fb-rev","1019376741","X-FB-Debug","5yzczKSTL6u6KgZsTypZtmRAuf1Zdl5ZOXyrvIZ2wLC8eR0H/iVKI/uppn3qyTph8ra3KWhhWlNPJ5FFvSWY/w==","Date","Thu, 16 Jan 2025 15:12:46 GMT","Proxy-Status","http_request_error; e_proxy=\"AcK4A1oT2NvBoN1mansKeZSWPfNIXuYPgATId8sOTHniOy2Agon7XPW26hF_WbWLBXg_RDF_D4FHJcZfuOUY\"; e_fb_binaryversion=\"AcIS3C2rTYNK_RHTF-ozMwWY8HIDOc7H761KqE6EkpJgWn8mfl92RrbLlIt1p5t0mOBrQ1b_0iEDN4-3-F4yJgRJqYVEiZ8spZ0\"; e_fb_httpversion=\"AcJvKoSWcaP0cCB59jKVIqUsQi73WkEPmUE1-8cejh3Yrlc_AC8uO84TqWVI\"; e_fb_responsebytes=\"AcL17od_y02tIJ-GtW71SY20SpE2U0WKdyjBiOTl6GJ_Gf3zTGIQwf_K3FRE\"; e_fb_requesttime=\"AcLB4LBlQrbH8iG7Wi1uusWtOukMzHLqEDtDEBCAYuZ2Ic8OJ0idzuPHMlvbgJuHtpR2d2dzoQ\"; e_fb_requesthandler=\"AcLr63zasNrntiLYQFBzA1FiJXYOwKVBgsnUdOaoHs9F7Tnl-xe-wzgFXQ1C4DjfJAg3rEXjvRw\"; e_fb_hostheader=\"AcIWSDMoeqNP0-haFhIwcjf7KDMtoHCJXh9f8lAyPjzOhMD_sODSzXeXHj66esUAwKMOm2d3y1in72BI\"; e_fb_requestsequencenumber=\"AcL2pECn26Vinq_10i-NKIhM0e7gDfHasFt4jaNxVqIPC0LGCujHkvb-cGKQTw\"; e_upip=\"AcLp2HF2_MzRmukbXMHl-rko8-0vRkjlSfMPY_qUMW86kx5_7u5AfJhqPIukqQd0GIodrglqnw5ntxGsHprRVwdaCrKIubgkM8d-ARg\"; e_fb_builduser=\"AcJQ77LnubWm8L--gcGCjW3bE8WsWh5VAEVcOhzRKcbukWr4bG-qqrgdXWuakFJc3gg\"; e_fb_vipport=\"AcIyWmexGmmO0P62z3NM8M4Fjb83VuEEVudCUCkhuCnMASY5eCaYKVtcCwsS\"; e_clientaddr=\"AcKuqcdVgK4h7wJn8eZLSWXfieGM5FH-WT7oA0M0iI18miZwxNKogmCkTU_ZwkXjfy5M0SisZNflNnFTP4pXDudMiIZnU5c_hchii6h2mKoCHcpZGQ\"; e_fb_vipaddr=\"AcJ5GjlETqw149eXoaocL2on7cHBqCbi01q0KSYr4JSvV5Us0JbJp6MM91hN9UED1X3FOSNXgtCxlqSfTJbw-ZhzVgrG0AaJ7A\"; e_fb_configversion=\"AcJDZxeFxQTiZinubaSg5pyZtcFb8AzibXWmqKkFJOQ-9qt65Z2N4-F8r9EVDQ\", http_request_error; e_proxy=\"AcKJhviWMxoZBaCdGup3hsGbxG2-kxLcl5AYmZeJDDH6OtbkOhWGVCfE517wOOD_bSCPD4Ugfe787oU\"; e_fb_binaryversion=\"AcKYv7WlJx9wqaBidvrri3zsqLli25xpJEUTa1WWtu5lx6OvEReh9kqt6i_w92rxGsolO2vNswrZxSttHIe9Q_feVFGxruOCLXE\"; e_fb_httpversion=\"AcJ-LgwENlE5C0uJ7q9uEfnbRlCeOJVdeimlaZj3nmTVkwLPBvYY6pFUDCxl\"; e_fb_responsebytes=\"AcKefIGlyACm3ALtdc7hOpd3A3OuTmIa_cuW8k3HsM62Zish-PKJ__1BQAZj\"; e_fb_requesttime=\"AcJ7rLA_e9DmTx0obcQj_AGP54MtPQw4CFzmRWw38dDBNMlowfejEleHF8xS4J2LCy1DBq3f_w\"; e_fb_requesthandler=\"AcLVeZTk_-Cw7qx6WHkVDPa621_Dh_TJAQzs3VTIjNX9CFuKfLVrUJjuavjqf5JFneWONKftPCc\"; e_fb_hostheader=\"AcILO-LPmRX3lQSCU8CTjt1zj3HmFxH4-FTXGjAhsdlkGZPMoJlCooD9WuMZ_KUKoarLCL8x5DTFZt4U\"; e_fb_requestsequencenumber=\"AcICNZRONCZPJxQsIe_gMZqWB6nC48C9dSB8OOExItJDfhf5d-6hxpomoQ\"; e_upip=\"AcLlO3uE3Lmvezh1O_KH6X_yn3nRWDsBxXYImfW4CVxTLLVrLzaum1QZPGATdvVgRFTciGzYmgJID4-9XBXdy3HRh-Sp0VXT3Q\"; e_fb_builduser=\"AcIFck0kNMGptx9NEUJbNepVIWUG24YmyQ16aiXqcJyA2LaIR0FBa_MqXWK2ib7o5Mo\"; e_fb_vipport=\"AcIeygsxycrOJ_oY4qoIJSYSFzyIuBc32BowDthnO9E44t-fUbB_QM4LIiJ0\"; e_clientaddr=\"AcKxR2fc4nh5WGYtWH6QZK26Bj28KKu-LotcEiJIcX7wZyovKxH59__o9EGt4YfqyOry44X_bVZLebCS7NWXOCZ3q3K_gPpw7-xnL4Alen8lS8I0lvARkA\"; e_fb_vipaddr=\"AcLb6QABS052nQT4_bTpjNCkKjHYhKyvp5JXl98l2StIJt9YJZsEEarqAmCmk3BDogIz7_bnWD6cPawOr4GljTOMk8NS7imprQ\"; e_fb_configversion=\"AcIiKDcobWXddJw669mGrg3gckx43-I-C_tsQHfDpSAYYTG6EUgqM5UapuDOqw\"","X-FB-Connection-Quality","GOOD; q=0.7, rtt=61, rtx=0, c=10, mss=1380, tbw=3407, tp=-1, tpl=-1, uplat=202, ullat=0","Alt-Svc","h3=\":443\"; ma=86400","Connection","keep-alive","Content-Length","192"],"rawTrailers":[],"redirects":[],"req":"[Circular]","responseUrl":"https://graph.facebook.com/v21.0/477592035111667","socket":null,"statusCode":401,"statusMessage":"Unauthorized","upgrade":false,"url":""},"reusedSocket":false,"sendDate":false,"shouldKeepAlive":true,"socket":{"_SNICallback":null,"_closeAfterHandlingError":false,"_controlReleased":true,"_events":{"close":[null,null,null]},"_eventsCount":9,"_hadError":false,"_host":"graph.facebook.com","_httpMessage":null,"_newSessionPending":false,"_parent":null,"_pendingData":null,"_pendingEncoding":"","_readableState":{"awaitDrainWriters":null,"buffer":[],"bufferIndex":0,"highWaterMark":16384,"length":0,"pipes":[]},"_rejectUnauthorized":true,"_requestCert":true,"_secureEstablished":true,"_securePending":false,"_server":null,"_sockname":null,"_tlsOptions":{"isServer":false,"pipe":false,"rejectUnauthorized":true,"requestCert":true,"secureContext":{"context":{}}},"_writableState":{"bufferedIndex":0,"corked":0,"highWaterMark":16384,"length":0,"pendingcb":0,"writelen":0},"allowHalfOpen":false,"alpnProtocol":false,"authorizationError":null,"authorized":true,"autoSelectFamilyAttemptedAddresses":["2a03:2880:f34a:8d:face:b00c:0:2:443"],"connecting":false,"encrypted":true,"parser":null,"secureConnecting":false,"servername":"graph.facebook.com","ssl":{"_parent":{"onconnection":null,"reading":true},"_parentWrap":null,"_secureContext":{"context":{}},"reading":true},"timeout":5000},"strictContentLength":false,"timeoutCb":null,"upgradeOrConnect":false,"useChunkedEncodingByDefault":false,"writable":true},"response":{"config":{"adapter":["xhr","http","fetch"],"env":{},"headers":{"Accept":"application/json, text/plain, */*","Accept-Encoding":"gzip, compress, deflate, br","Authorization":"Bearer EAATEIhf8j5YBO2ZCsNOkEeqjzYVS7ZBitKyPFic3CWDm9t3lcnEdzKOCrsRJqq79uj8ZC5ZCDZAPZAqN6NyEXCkkV3TsvNHMgbYQdGY6AoSM6EY4GXFeRXu2CB72kKzxnQR3V6ZBfRVXiP7UrdylHZAiMYWiwlvM71AlRDNnkXil7AFjz2tO5YZBFPG6Ri7UkEYjJof8VhlgEONbN8BDrO1q3ZBZBG2ehErjENlEEFZAIXnZBL3AZD","User-Agent":"axios/1.7.9"},"maxBodyLength":-1,"maxContentLength":-1,"method":"get","timeout":0,"transformRequest":[null],"transformResponse":[null],"transitional":{"clarifyTimeoutError":false,"forcedJSONParsing":true,"silentJSONParsing":true},"url":"https://graph.facebook.com/v21.0/477592035111667","xsrfCookieName":"XSRF-TOKEN","xsrfHeaderName":"X-XSRF-TOKEN"},"data":{"error":{"code":190,"error_subcode":463,"fbtrace_id":"AwhNbfghHi7R6tP8ssormZp","message":"Error validating access token: Session has expired on Thursday, 16-Jan-25 07:00:00 PST. The current time is Thursday, 16-Jan-25 07:12:46 PST.","type":"OAuthException"}},"headers":{"access-control-allow-origin":"*","alt-svc":"h3=\":443\"; ma=86400","cache-control":"no-store","connection":"keep-alive","content-length":"192","content-type":"application/json","cross-origin-resource-policy":"cross-origin","date":"Thu, 16 Jan 2025 15:12:46 GMT","error-mid":"3b61b1893bdda23cc09efe288a53acdf","expires":"Sat, 01 Jan 2000 00:00:00 GMT","pragma":"no-cache","proxy-status":"http_request_error; e_proxy=\"AcK4A1oT2NvBoN1mansKeZSWPfNIXuYPgATId8sOTHniOy2Agon7XPW26hF_WbWLBXg_RDF_D4FHJcZfuOUY\"; e_fb_binaryversion=\"AcIS3C2rTYNK_RHTF-ozMwWY8HIDOc7H761KqE6EkpJgWn8mfl92RrbLlIt1p5t0mOBrQ1b_0iEDN4-3-F4yJgRJqYVEiZ8spZ0\"; e_fb_httpversion=\"AcJvKoSWcaP0cCB59jKVIqUsQi73WkEPmUE1-8cejh3Yrlc_AC8uO84TqWVI\"; e_fb_responsebytes=\"AcL17od_y02tIJ-GtW71SY20SpE2U0WKdyjBiOTl6GJ_Gf3zTGIQwf_K3FRE\"; e_fb_requesttime=\"AcLB4LBlQrbH8iG7Wi1uusWtOukMzHLqEDtDEBCAYuZ2Ic8OJ0idzuPHMlvbgJuHtpR2d2dzoQ\"; e_fb_requesthandler=\"AcLr63zasNrntiLYQFBzA1FiJXYOwKVBgsnUdOaoHs9F7Tnl-xe-wzgFXQ1C4DjfJAg3rEXjvRw\"; e_fb_hostheader=\"AcIWSDMoeqNP0-haFhIwcjf7KDMtoHCJXh9f8lAyPjzOhMD_sODSzXeXHj66esUAwKMOm2d3y1in72BI\"; e_fb_requestsequencenumber=\"AcL2pECn26Vinq_10i-NKIhM0e7gDfHasFt4jaNxVqIPC0LGCujHkvb-cGKQTw\"; e_upip=\"AcLp2HF2_MzRmukbXMHl-rko8-0vRkjlSfMPY_qUMW86kx5_7u5AfJhqPIukqQd0GIodrglqnw5ntxGsHprRVwdaCrKIubgkM8d-ARg\"; e_fb_builduser=\"AcJQ77LnubWm8L--gcGCjW3bE8WsWh5VAEVcOhzRKcbukWr4bG-qqrgdXWuakFJc3gg\"; e_fb_vipport=\"AcIyWmexGmmO0P62z3NM8M4Fjb83VuEEVudCUCkhuCnMASY5eCaYKVtcCwsS\"; e_clientaddr=\"AcKuqcdVgK4h7wJn8eZLSWXfieGM5FH-WT7oA0M0iI18miZwxNKogmCkTU_ZwkXjfy5M0SisZNflNnFTP4pXDudMiIZnU5c_hchii6h2mKoCHcpZGQ\"; e_fb_vipaddr=\"AcJ5GjlETqw149eXoaocL2on7cHBqCbi01q0KSYr4JSvV5Us0JbJp6MM91hN9UED1X3FOSNXgtCxlqSfTJbw-ZhzVgrG0AaJ7A\"; e_fb_configversion=\"AcJDZxeFxQTiZinubaSg5pyZtcFb8AzibXWmqKkFJOQ-9qt65Z2N4-F8r9EVDQ\", http_request_error; e_proxy=\"AcKJhviWMxoZBaCdGup3hsGbxG2-kxLcl5AYmZeJDDH6OtbkOhWGVCfE517wOOD_bSCPD4Ugfe787oU\"; e_fb_binaryversion=\"AcKYv7WlJx9wqaBidvrri3zsqLli25xpJEUTa1WWtu5lx6OvEReh9kqt6i_w92rxGsolO2vNswrZxSttHIe9Q_feVFGxruOCLXE\"; e_fb_httpversion=\"AcJ-LgwENlE5C0uJ7q9uEfnbRlCeOJVdeimlaZj3nmTVkwLPBvYY6pFUDCxl\"; e_fb_responsebytes=\"AcKefIGlyACm3ALtdc7hOpd3A3OuTmIa_cuW8k3HsM62Zish-PKJ__1BQAZj\"; e_fb_requesttime=\"AcJ7rLA_e9DmTx0obcQj_AGP54MtPQw4CFzmRWw38dDBNMlowfejEleHF8xS4J2LCy1DBq3f_w\"; e_fb_requesthandler=\"AcLVeZTk_-Cw7qx6WHkVDPa621_Dh_TJAQzs3VTIjNX9CFuKfLVrUJjuavjqf5JFneWONKftPCc\"; e_fb_hostheader=\"AcILO-LPmRX3lQSCU8CTjt1zj3HmFxH4-FTXGjAhsdlkGZPMoJlCooD9WuMZ_KUKoarLCL8x5DTFZt4U\"; e_fb_requestsequencenumber=\"AcICNZRONCZPJxQsIe_gMZqWB6nC48C9dSB8OOExItJDfhf5d-6hxpomoQ\"; e_upip=\"AcLlO3uE3Lmvezh1O_KH6X_yn3nRWDsBxXYImfW4CVxTLLVrLzaum1QZPGATdvVgRFTciGzYmgJID4-9XBXdy3HRh-Sp0VXT3Q\"; e_fb_builduser=\"AcIFck0kNMGptx9NEUJbNepVIWUG24YmyQ16aiXqcJyA2LaIR0FBa_MqXWK2ib7o5Mo\"; e_fb_vipport=\"AcIeygsxycrOJ_oY4qoIJSYSFzyIuBc32BowDthnO9E44t-fUbB_QM4LIiJ0\"; e_clientaddr=\"AcKxR2fc4nh5WGYtWH6QZK26Bj28KKu-LotcEiJIcX7wZyovKxH59__o9EGt4YfqyOry44X_bVZLebCS7NWXOCZ3q3K_gPpw7-xnL4Alen8lS8I0lvARkA\"; e_fb_vipaddr=\"AcLb6QABS052nQT4_bTpjNCkKjHYhKyvp5JXl98l2StIJt9YJZsEEarqAmCmk3BDogIz7_bnWD6cPawOr4GljTOMk8NS7imprQ\"; e_fb_configversion=\"AcIiKDcobWXddJw669mGrg3gckx43-I-C_tsQHfDpSAYYTG6EUgqM5UapuDOqw\"","strict-transport-security":"max-age=15552000; preload","vary":"Origin, Accept-Encoding","www-authenticate":"OAuth \"Facebook Platform\" \"invalid_token\" \"Error validating access token: Session has expired on Thursday, 16-Jan-25 07:00:00 PST. The current time is Thursday, 16-Jan-25 07:12:46 PST.\"","x-app-usage":"{\"call_count\":0,\"total_cputime\":0,\"total_time\":0}","x-fb-connection-quality":"GOOD; q=0.7, rtt=61, rtx=0, c=10, mss=1380, tbw=3407, tp=-1, tpl=-1, uplat=202, ullat=0","x-fb-debug":"5yzczKSTL6u6KgZsTypZtmRAuf1Zdl5ZOXyrvIZ2wLC8eR0H/iVKI/uppn3qyTph8ra3KWhhWlNPJ5FFvSWY/w==","x-fb-request-id":"AwhNbfghHi7R6tP8ssormZp","x-fb-rev":"1019376741","x-fb-trace-id":"GGM93PAKg0e"},"request":{"_closed":true,"_contentLength":0,"_defaultKeepAlive":true,"_ended":true,"_events":{},"_eventsCount":7,"_hasBody":true,"_header":"GET /v21.0/477592035111667 HTTP/1.1\r\nAccept: application/json, text/plain, */*\r\nAuthorization: Bearer EAATEIhf8j5YBO2ZCsNOkEeqjzYVS7ZBitKyPFic3CWDm9t3lcnEdzKOCrsRJqq79uj8ZC5ZCDZAPZAqN6NyEXCkkV3TsvNHMgbYQdGY6AoSM6EY4GXFeRXu2CB72kKzxnQR3V6ZBfRVXiP7UrdylHZAiMYWiwlvM71AlRDNnkXil7AFjz2tO5YZBFPG6Ri7UkEYjJof8VhlgEONbN8BDrO1q3ZBZBG2ehErjENlEEFZAIXnZBL3AZD\r\nUser-Agent: axios/1.7.9\r\nAccept-Encoding: gzip, compress, deflate, br\r\nHost: graph.facebook.com\r\nConnection: keep-alive\r\n\r\n","_headerSent":true,"_keepAliveTimeout":0,"_last":true,"_redirectable":{"_currentRequest":"[Circular]","_currentUrl":"https://graph.facebook.com/v21.0/477592035111667","_ended":true,"_ending":true,"_events":{},"_eventsCount":3,"_options":{"agents":{},"beforeRedirects":{},"headers":{"Accept":"application/json, text/plain, */*","Accept-Encoding":"gzip, compress, deflate, br","Authorization":"Bearer EAATEIhf8j5YBO2ZCsNOkEeqjzYVS7ZBitKyPFic3CWDm9t3lcnEdzKOCrsRJqq79uj8ZC5ZCDZAPZAqN6NyEXCkkV3TsvNHMgbYQdGY6AoSM6EY4GXFeRXu2CB72kKzxnQR3V6ZBfRVXiP7UrdylHZAiMYWiwlvM71AlRDNnkXil7AFjz2tO5YZBFPG6Ri7UkEYjJof8VhlgEONbN8BDrO1q3ZBZBG2ehErjENlEEFZAIXnZBL3AZD","User-Agent":"axios/1.7.9"},"hostname":"graph.facebook.com","maxBodyLength":null,"maxRedirects":21,"method":"GET","nativeProtocols":{"http:":{"METHODS":["ACL","BIND","CHECKOUT","CONNECT","COPY","DELETE","GET","HEAD","LINK","LOCK","M-SEARCH","MERGE","MKACTIVITY","MKCALENDAR","MKCOL","MOVE","NOTIFY","OPTIONS","PATCH","POST","PROPFIND","PROPPATCH","PURGE","PUT","REBIND","REPORT","SEARCH","SOURCE","SUBSCRIBE","TRACE","UNBIND","UNLINK","UNLOCK","UNSUBSCRIBE"],"STATUS_CODES":{"100":"Continue","101":"Switching Protocols","102":"Processing","103":"Early Hints","200":"OK","201":"Created","202":"Accepted","203":"Non-Authoritative Information","204":"No Content","205":"Reset Content","206":"Partial Content","207":"Multi-Status","208":"Already Reported","226":"IM Used","300":"Multiple Choices","301":"Moved Permanently","302":"Found","303":"See Other","304":"Not Modified","305":"Use Proxy","307":"Temporary Redirect","308":"Permanent Redirect","400":"Bad Request","401":"Unauthorized","402":"Payment Required","403":"Forbidden","404":"Not Found","405":"Method Not Allowed","406":"Not Acceptable","407":"Proxy Authentication Required","408":"Request Timeout","409":"Conflict","410":"Gone","411":"Length Required","412":"Precondition Failed","413":"Payload Too Large","414":"URI Too Long","415":"Unsupported Media Type","416":"Range Not Satisfiable","417":"Expectation Failed","418":"I'm a Teapot","421":"Misdirected Request","422":"Unprocessable Entity","423":"Locked","424":"Failed Dependency","425":"Too Early","426":"Upgrade Required","428":"Precondition Required","429":"Too Many Requests","431":"Request Header Fields Too Large","451":"Unavailable For Legal Reasons","500":"Internal Server Error","501":"Not Implemented","502":"Bad Gateway","503":"Service Unavailable","504":"Gateway Timeout","505":"HTTP Version Not Supported","506":"Variant Also Negotiates","507":"Insufficient Storage","508":"Loop Detected","509":"Bandwidth Limit Exceeded","510":"Not Extended","511":"Network Authentication Required"},"globalAgent":{"_events":{},"_eventsCount":2,"defaultPort":80,"freeSockets":{},"keepAlive":true,"keepAliveMsecs":1000,"maxFreeSockets":256,"maxSockets":null,"maxTotalSockets":null,"options":{"keepAlive":true,"noDelay":true,"path":null,"scheduling":"lifo","timeout":5000},"protocol":"http:","requests":{},"scheduling":"lifo","sockets":{},"totalSocketCount":0},"maxHeaderSize":16384},"https:":{"globalAgent":{"_events":{},"_eventsCount":2,"_sessionCache":{"list":["graph.facebook.com:443:::::::::::::::::::::"],"map":{"graph.facebook.com:443:::::::::::::::::::::":{"data":[48,130,7,159,2,1,1,2,2,3,4,4,2,19,3,4,32,105,104,214,123,222,169,111,51,208,75,155,145,189,54,137,50,203,79,211,114,180,159,73,142,189,33,101,83,235,145,89,160,4,32,165,230,164,224,208,146,217,223,18,185,127,29,219,57,161,236,204,252,153,123,168,116,222,204,103,228,204,201,243,223,209,67,161,6,2,4,103,137,33,238,162,4,2,2,28,32,163,130,6,158,48,130,6,154,48,130,5,130,160,3,2,1,2,2,16,15,140,225,164,181,226,112,25,57,130,233,86,227,40,38,45,48,13,6,9,42,134,72,134,247,13,1,1,11,5,0,48,112,49,11,48,9,6,3,85,4,6,19,2,85,83,49,21,48,19,6,3,85,4,10,19,12,68,105,103,105,67,101,114,116,32,73,110,99,49,25,48,23,6,3,85,4,11,19,16,119,119,119,46,100,105,103,105,99,101,114,116,46,99,111,109,49,47,48,45,6,3,85,4,3,19,38,68,105,103,105,67,101,114,116,32,83,72,65,50,32,72,105,103,104,32,65,115,115,117,114,97,110,99,101,32,83,101,114,118,101,114,32,67,65,48,30,23,13,50,52,49,48,50,53,48,48,48,48,48,48,90,23,13,50,53,48,49,50,51,50,51,53,57,53,57,90,48,111,49,11,48,9,6,3,85,4,6,19,2,85,83,49,19,48,17,6,3,85,4,8,19,10,67,97,108,105,102,111,114,110,105,97,49,19,48,17,6,3,85,4,7,19,10,77,101,110,108,111,32,80,97,114,107,49,29,48,27,6,3,85,4,10,19,20,77,101,116,97,32,80,108,97,116,102,111,114,109,115,44,32,73,110,99,46,49,23,48,21,6,3,85,4,3,12,14,42,46,102,97,99,101,98,111,111,107,46,99,111,109,48,89,48,19,6,7,42,134,72,206,61,2,1,6,8,42,134,72,206,61,3,1,7,3,66,0,4,1,158,45,147,204,208,186,117,186,197,185,129,211,95,144,183,245,158,50,79,217,54,35,12,187,13,55,87,109,44,116,247,236,116,227,44,169,203,196,4,250,138,234,138,43,119,77,9,46,110,3,143,168,190,92,33,109,110,65,39,153,172,24,60,163,130,3,250,48,130,3,246,48,31,6,3,85,29,35,4,24,48,22,128,20,81,104,255,144,175,2,7,117,60,204,217,101,100,98,162,18,184,89,114,59,48,29,6,3,85,29,14,4,22,4,20,55,56,52,88,219,162,53,29,229,61,138,241,37,159,9,253,104,203,65,254,48,129,181,6,3,85,29,17,4,129,173,48,129,170,130,14,42,46,102,97,99,101,98,111,111,107,46,99,111,109,130,14,42,46,102,97,99,101,98,111,111,107,46,110,101,116,130,11,42,46,102,98,99,100,110,46,110,101,116,130,11,42,46,102,98,115,98,120,46,99,111,109,130,16,42,46,109,46,102,97,99,101,98,111,111,107,46,99,111,109,130,15,42,46,109,101,115,115,101,110,103,101,114,46,99,111,109,130,14,42,46,120,120,46,102,98,99,100,110,46,110,101,116,130,14,42,46,120,121,46,102,98,99,100,110,46,110,101,116,130,14,42,46,120,122,46,102,98,99,100,110,46,110,101,116,130,12,102,97,99,101,98,111,111,107,46,99,111,109,130,13,109,101,115,115,101,110,103,101,114,46,99,111,109,48,62,6,3,85,29,32,4,55,48,53,48,51,6,6,103,129,12,1,2,2,48,41,48,39,6,8,43,6,1,5,5,7,2,1,22,27,104,116,116,112,58,47,47,119,119,119,46,100,105,103,105,99,101,114,116,46,99,111,109,47,67,80,83,48,14,6,3,85,29,15,1,1,255,4,4,3,2,3,136,48,29,6,3,85,29,37,4,22,48,20,6,8,43,6,1,5,5,7,3,1,6,8,43,6,1,5,5,7,3,2,48,117,6,3,85,29,31,4,110,48,108,48,52,160,50,160,48,134,46,104,116,116,112,58,47,47,99,114,108,51,46,100,105,103,105,99,101,114,116,46,99,111,109,47,115,104,97,50,45,104,97,45,115,101,114,118,101,114,45,103,54,46,99,114,108,48,52,160,50,160,48,134,46,104,116,116,112,58,47,47,99,114,108,52,46,100,105,103,105,99,101,114,116,46,99,111,109,47,115,104,97,50,45,104,97,45,115,101,114,118,101,114,45,103,54,46,99,114,108,48,129,131,6,8,43,6,1,5,5,7,1,1,4,119,48,117,48,36,6,8,43,6,1,5,5,7,48,1,134,24,104,116,116,112,58,47,47,111,99,115,112,46,100,105,103,105,99,101,114,116,46,99,111,109,48,77,6,8,43,6,1,5,5,7,48,2,134,65,104,116,116,112,58,47,47,99,97,99,101,114,116,115,46,100,105,103,105,99,101,114,116,46,99,111,109,47,68,105,103,105,67,101,114,116,83,72,65,50,72,105,103,104,65,115,115,117,114,97,110,99,101,83,101,114,118,101,114,67,65,46,99,114,116,48,12,6,3,85,29,19,1,1,255,4,2,48,0,48,130,1,128,6,10,43,6,1,4,1,214,121,2,4,2,4,130,1,112,4,130,1,108,1,106,0,118,0,78,117,163,39,92,154,16,195,56,91,108,212,223,63,82,235,29,240,224,142,27,141,105,192,177,250,100,177,98,154,57,223,0,0,1,146,193,8,123,194,0,0,4,3,0,71,48,69,2,33,0,142,58,142,200,205,14,113,90,242,107,144,108,129,174,212,122,144,212,231,99,247,161,221,148,19,83,81,226,212,97,187,0,2,32,71,157,99,141,21,183,47,150,165,198,139,69,147,78,228,70,40,157,245,205,23,148,41,113,190,87,64,225,80,17,200,177,0,119,0,230,210,49,99,64,119,140,193,16,65,6,215,113,185,206,193,210,64,246,150,132,134,251,186,135,50,29,253,30,55,142,80,0,0,1,146,193,8,123,169,0,0,4,3,0,72,48,70,2,33,0,141,226,242,197,187,114,61,96,7,155,143,185,189,57,22,18,49,230,180,50,173,18,131,147,195,215,24,156,172,30,243,207,2,33,0,157,137,81,14,221,44,150,113,52,2,112,103,11,225,218,182,244,112,54,254,12,24,15,191,52,185,114,209,235,252,212,45,0,119,0,204,251,15,106,133,113,9,101,254,149,155,83,206,233,178,124,34,233,133,92,13,151,141,182,169,126,84,192,254,76,13,176,0,0,1,146,193,8,123,111,0,0,4,3,0,72,48,70,2,33,0,210,245,236,207,90,49,254,94,88,107,210,250,200,21,78,22,86,204,196,47,185,191,76,55,111,139,220,236,170,162,178,50,2,33,0,183,157,57,119,150,97,60,95,66,178,197,239,42,87,72,26,19,191,222,61,136,39,65,224,36,16,194,71,253,50,178,216,48,13,6,9,42,134,72,134,247,13,1,1,11,5,0,3,130,1,1,0,76,178,81,234,155,23,11,189,226,108,74,220,210,199,207,83,206,80,7,221,28,157,237,156,129,195,187,178,223,51,198,54,85,237,188,38,82,142,168,167,224,35,192,138,90,69,21,133,38,151,197,82,178,244,176,86,114,162,147,240,234,26,52,194,115,48,227,196,77,222,99,251,157,247,10,1,76,49,203,177,148,206,130,57,221,125,116,237,25,176,10,155,92,162,254,242,236,25,184,94,79,199,246,223,76,46,55,19,201,32,152,165,115,86,144,122,100,48,120,38,253,36,170,139,11,52,5,191,164,98,113,2,61,232,4,210,45,233,251,142,66,140,23,34,33,181,166,199,89,147,96,41,181,129,8,249,208,123,141,9,58,183,237,8,72,30,179,143,78,152,195,175,50,11,197,110,49,65,60,58,121,202,196,95,252,5,30,118,41,100,220,220,1,47,236,3,108,149,243,164,51,75,146,101,35,28,85,159,197,50,238,167,118,240,231,198,126,217,69,25,203,177,37,115,109,206,108,107,149,249,192,135,206,78,228,57,177,65,229,222,189,34,149,8,27,98,172,60,98,67,250,200,152,137,6,147,164,2,4,0,169,5,2,3,2,163,0,170,129,133,4,129,130,181,253,31,214,230,109,12,180,11,21,194,38,127,218,199,156,196,192,25,227,244,223,20,191,243,102,33,64,24,115,236,171,0,0,0,0,204,174,54,10,104,56,49,73,145,149,118,147,123,214,141,90,117,20,127,144,108,234,149,123,131,82,168,186,235,253,193,135,27,45,168,0,225,241,17,108,73,178,119,237,209,144,245,245,46,171,175,246,142,32,4,188,59,188,153,143,160,110,1,191,155,3,245,197,26,27,112,29,155,129,127,25,126,81,160,233,123,222,52,23,124,1,91,163,181,135,205,212,244,33,174,6,2,4,99,188,214,66,179,3,2,1,29],"type":"Buffer"}}},"defaultPort":443,"freeSockets":{"graph.facebook.com:443:::::::::::::::::::::":[{"_SNICallback":null,"_closeAfterHandlingError":false,"_controlReleased":true,"_events":{"close":[null,null,null]},"_eventsCount":9,"_hadError":false,"_host":"graph.facebook.com","_httpMessage":null,"_newSessionPending":false,"_parent":null,"_pendingData":null,"_pendingEncoding":"","_readableState":{"awaitDrainWriters":null,"buffer":[],"bufferIndex":0,"highWaterMark":16384,"length":0,"pipes":[]},"_rejectUnauthorized":true,"_requestCert":true,"_secureEstablished":true,"_securePending":false,"_server":null,"_sockname":null,"_tlsOptions":{"isServer":false,"pipe":false,"rejectUnauthorized":true,"requestCert":true,"secureContext":{"context":{}}},"_writableState":{"bufferedIndex":0,"corked":0,"highWaterMark":16384,"length":0,"pendingcb":0,"writelen":0},"allowHalfOpen":false,"alpnProtocol":false,"authorizationError":null,"authorized":true,"autoSelectFamilyAttemptedAddresses":["2a03:2880:f34a:8d:face:b00c:0:2:443"],"connecting":false,"encrypted":true,"parser":null,"secureConnecting":false,"servername":"graph.facebook.com","ssl":{"_parent":{"onconnection":null,"reading":true},"_parentWrap":null,"_secureContext":{"context":{}},"reading":true},"timeout":5000}]},"keepAlive":true,"keepAliveMsecs":1000,"maxCachedSessions":100,"maxFreeSockets":256,"maxSockets":null,"maxTotalSockets":null,"options":{"keepAlive":true,"noDelay":true,"path":null,"scheduling":"lifo","timeout":5000},"protocol":"https:","requests":{},"scheduling":"lifo","sockets":{},"totalSocketCount":1}}},"path":"/v21.0/477592035111667","pathname":"/v21.0/477592035111667","port":"","protocol":"https:"},"_redirectCount":0,"_redirects":[],"_requestBodyBuffers":[],"_requestBodyLength":0,"_writableState":{"bufferedIndex":0,"corked":0,"highWaterMark":16384,"length":0,"pendingcb":0,"writelen":0}},"_removedConnection":false,"_removedContLen":false,"_removedTE":false,"_trailer":"","aborted":false,"agent":{"_events":{},"_eventsCount":2,"_sessionCache":{"list":["graph.facebook.com:443:::::::::::::::::::::"],"map":{"graph.facebook.com:443:::::::::::::::::::::":{"data":[48,130,7,159,2,1,1,2,2,3,4,4,2,19,3,4,32,105,104,214,123,222,169,111,51,208,75,155,145,189,54,137,50,203,79,211,114,180,159,73,142,189,33,101,83,235,145,89,160,4,32,165,230,164,224,208,146,217,223,18,185,127,29,219,57,161,236,204,252,153,123,168,116,222,204,103,228,204,201,243,223,209,67,161,6,2,4,103,137,33,238,162,4,2,2,28,32,163,130,6,158,48,130,6,154,48,130,5,130,160,3,2,1,2,2,16,15,140,225,164,181,226,112,25,57,130,233,86,227,40,38,45,48,13,6,9,42,134,72,134,247,13,1,1,11,5,0,48,112,49,11,48,9,6,3,85,4,6,19,2,85,83,49,21,48,19,6,3,85,4,10,19,12,68,105,103,105,67,101,114,116,32,73,110,99,49,25,48,23,6,3,85,4,11,19,16,119,119,119,46,100,105,103,105,99,101,114,116,46,99,111,109,49,47,48,45,6,3,85,4,3,19,38,68,105,103,105,67,101,114,116,32,83,72,65,50,32,72,105,103,104,32,65,115,115,117,114,97,110,99,101,32,83,101,114,118,101,114,32,67,65,48,30,23,13,50,52,49,48,50,53,48,48,48,48,48,48,90,23,13,50,53,48,49,50,51,50,51,53,57,53,57,90,48,111,49,11,48,9,6,3,85,4,6,19,2,85,83,49,19,48,17,6,3,85,4,8,19,10,67,97,108,105,102,111,114,110,105,97,49,19,48,17,6,3,85,4,7,19,10,77,101,110,108,111,32,80,97,114,107,49,29,48,27,6,3,85,4,10,19,20,77,101,116,97,32,80,108,97,116,102,111,114,109,115,44,32,73,110,99,46,49,23,48,21,6,3,85,4,3,12,14,42,46,102,97,99,101,98,111,111,107,46,99,111,109,48,89,48,19,6,7,42,134,72,206,61,2,1,6,8,42,134,72,206,61,3,1,7,3,66,0,4,1,158,45,147,204,208,186,117,186,197,185,129,211,95,144,183,245,158,50,79,217,54,35,12,187,13,55,87,109,44,116,247,236,116,227,44,169,203,196,4,250,138,234,138,43,119,77,9,46,110,3,143,168,190,92,33,109,110,65,39,153,172,24,60,163,130,3,250,48,130,3,246,48,31,6,3,85,29,35,4,24,48,22,128,20,81,104,255,144,175,2,7,117,60,204,217,101,100,98,162,18,184,89,114,59,48,29,6,3,85,29,14,4,22,4,20,55,56,52,88,219,162,53,29,229,61,138,241,37,159,9,253,104,203,65,254,48,129,181,6,3,85,29,17,4,129,173,48,129,170,130,14,42,46,102,97,99,101,98,111,111,107,46,99,111,109,130,14,42,46,102,97,99,101,98,111,111,107,46,110,101,116,130,11,42,46,102,98,99,100,110,46,110,101,116,130,11,42,46,102,98,115,98,120,46,99,111,109,130,16,42,46,109,46,102,97,99,101,98,111,111,107,46,99,111,109,130,15,42,46,109,101,115,115,101,110,103,101,114,46,99,111,109,130,14,42,46,120,120,46,102,98,99,100,110,46,110,101,116,130,14,42,46,120,121,46,102,98,99,100,110,46,110,101,116,130,14,42,46,120,122,46,102,98,99,100,110,46,110,101,116,130,12,102,97,99,101,98,111,111,107,46,99,111,109,130,13,109,101,115,115,101,110,103,101,114,46,99,111,109,48,62,6,3,85,29,32,4,55,48,53,48,51,6,6,103,129,12,1,2,2,48,41,48,39,6,8,43,6,1,5,5,7,2,1,22,27,104,116,116,112,58,47,47,119,119,119,46,100,105,103,105,99,101,114,116,46,99,111,109,47,67,80,83,48,14,6,3,85,29,15,1,1,255,4,4,3,2,3,136,48,29,6,3,85,29,37,4,22,48,20,6,8,43,6,1,5,5,7,3,1,6,8,43,6,1,5,5,7,3,2,48,117,6,3,85,29,31,4,110,48,108,48,52,160,50,160,48,134,46,104,116,116,112,58,47,47,99,114,108,51,46,100,105,103,105,99,101,114,116,46,99,111,109,47,115,104,97,50,45,104,97,45,115,101,114,118,101,114,45,103,54,46,99,114,108,48,52,160,50,160,48,134,46,104,116,116,112,58,47,47,99,114,108,52,46,100,105,103,105,99,101,114,116,46,99,111,109,47,115,104,97,50,45,104,97,45,115,101,114,118,101,114,45,103,54,46,99,114,108,48,129,131,6,8,43,6,1,5,5,7,1,1,4,119,48,117,48,36,6,8,43,6,1,5,5,7,48,1,134,24,104,116,116,112,58,47,47,111,99,115,112,46,100,105,103,105,99,101,114,116,46,99,111,109,48,77,6,8,43,6,1,5,5,7,48,2,134,65,104,116,116,112,58,47,47,99,97,99,101,114,116,115,46,100,105,103,105,99,101,114,116,46,99,111,109,47,68,105,103,105,67,101,114,116,83,72,65,50,72,105,103,104,65,115,115,117,114,97,110,99,101,83,101,114,118,101,114,67,65,46,99,114,116,48,12,6,3,85,29,19,1,1,255,4,2,48,0,48,130,1,128,6,10,43,6,1,4,1,214,121,2,4,2,4,130,1,112,4,130,1,108,1,106,0,118,0,78,117,163,39,92,154,16,195,56,91,108,212,223,63,82,235,29,240,224,142,27,141,105,192,177,250,100,177,98,154,57,223,0,0,1,146,193,8,123,194,0,0,4,3,0,71,48,69,2,33,0,142,58,142,200,205,14,113,90,242,107,144,108,129,174,212,122,144,212,231,99,247,161,221,148,19,83,81,226,212,97,187,0,2,32,71,157,99,141,21,183,47,150,165,198,139,69,147,78,228,70,40,157,245,205,23,148,41,113,190,87,64,225,80,17,200,177,0,119,0,230,210,49,99,64,119,140,193,16,65,6,215,113,185,206,193,210,64,246,150,132,134,251,186,135,50,29,253,30,55,142,80,0,0,1,146,193,8,123,169,0,0,4,3,0,72,48,70,2,33,0,141,226,242,197,187,114,61,96,7,155,143,185,189,57,22,18,49,230,180,50,173,18,131,147,195,215,24,156,172,30,243,207,2,33,0,157,137,81,14,221,44,150,113,52,2,112,103,11,225,218,182,244,112,54,254,12,24,15,191,52,185,114,209,235,252,212,45,0,119,0,204,251,15,106,133,113,9,101,254,149,155,83,206,233,178,124,34,233,133,92,13,151,141,182,169,126,84,192,254,76,13,176,0,0,1,146,193,8,123,111,0,0,4,3,0,72,48,70,2,33,0,210,245,236,207,90,49,254,94,88,107,210,250,200,21,78,22,86,204,196,47,185,191,76,55,111,139,220,236,170,162,178,50,2,33,0,183,157,57,119,150,97,60,95,66,178,197,239,42,87,72,26,19,191,222,61,136,39,65,224,36,16,194,71,253,50,178,216,48,13,6,9,42,134,72,134,247,13,1,1,11,5,0,3,130,1,1,0,76,178,81,234,155,23,11,189,226,108,74,220,210,199,207,83,206,80,7,221,28,157,237,156,129,195,187,178,223,51,198,54,85,237,188,38,82,142,168,167,224,35,192,138,90,69,21,133,38,151,197,82,178,244,176,86,114,162,147,240,234,26,52,194,115,48,227,196,77,222,99,251,157,247,10,1,76,49,203,177,148,206,130,57,221,125,116,237,25,176,10,155,92,162,254,242,236,25,184,94,79,199,246,223,76,46,55,19,201,32,152,165,115,86,144,122,100,48,120,38,253,36,170,139,11,52,5,191,164,98,113,2,61,232,4,210,45,233,251,142,66,140,23,34,33,181,166,199,89,147,96,41,181,129,8,249,208,123,141,9,58,183,237,8,72,30,179,143,78,152,195,175,50,11,197,110,49,65,60,58,121,202,196,95,252,5,30,118,41,100,220,220,1,47,236,3,108,149,243,164,51,75,146,101,35,28,85,159,197,50,238,167,118,240,231,198,126,217,69,25,203,177,37,115,109,206,108,107,149,249,192,135,206,78,228,57,177,65,229,222,189,34,149,8,27,98,172,60,98,67,250,200,152,137,6,147,164,2,4,0,169,5,2,3,2,163,0,170,129,133,4,129,130,181,253,31,214,230,109,12,180,11,21,194,38,127,218,199,156,196,192,25,227,244,223,20,191,243,102,33,64,24,115,236,171,0,0,0,0,204,174,54,10,104,56,49,73,145,149,118,147,123,214,141,90,117,20,127,144,108,234,149,123,131,82,168,186,235,253,193,135,27,45,168,0,225,241,17,108,73,178,119,237,209,144,245,245,46,171,175,246,142,32,4,188,59,188,153,143,160,110,1,191,155,3,245,197,26,27,112,29,155,129,127,25,126,81,160,233,123,222,52,23,124,1,91,163,181,135,205,212,244,33,174,6,2,4,99,188,214,66,179,3,2,1,29],"type":"Buffer"}}},"defaultPort":443,"freeSockets":{"graph.facebook.com:443:::::::::::::::::::::":[{"_SNICallback":null,"_closeAfterHandlingError":false,"_controlReleased":true,"_events":{"close":[null,null,null]},"_eventsCount":9,"_hadError":false,"_host":"graph.facebook.com","_httpMessage":null,"_newSessionPending":false,"_parent":null,"_pendingData":null,"_pendingEncoding":"","_readableState":{"awaitDrainWriters":null,"buffer":[],"bufferIndex":0,"highWaterMark":16384,"length":0,"pipes":[]},"_rejectUnauthorized":true,"_requestCert":true,"_secureEstablished":true,"_securePending":false,"_server":null,"_sockname":null,"_tlsOptions":{"isServer":false,"pipe":false,"rejectUnauthorized":true,"requestCert":true,"secureContext":{"context":{}}},"_writableState":{"bufferedIndex":0,"corked":0,"highWaterMark":16384,"length":0,"pendingcb":0,"writelen":0},"allowHalfOpen":false,"alpnProtocol":false,"authorizationError":null,"authorized":true,"autoSelectFamilyAttemptedAddresses":["2a03:2880:f34a:8d:face:b00c:0:2:443"],"connecting":false,"encrypted":true,"parser":null,"secureConnecting":false,"servername":"graph.facebook.com","ssl":{"_parent":{"onconnection":null,"reading":true},"_parentWrap":null,"_secureContext":{"context":{}},"reading":true},"timeout":5000}]},"keepAlive":true,"keepAliveMsecs":1000,"maxCachedSessions":100,"maxFreeSockets":256,"maxSockets":null,"maxTotalSockets":null,"options":{"keepAlive":true,"noDelay":true,"path":null,"scheduling":"lifo","timeout":5000},"protocol":"https:","requests":{},"scheduling":"lifo","sockets":{},"totalSocketCount":1},"chunkedEncoding":false,"destroyed":true,"finished":true,"host":"graph.facebook.com","maxHeadersCount":null,"maxRequestsOnConnectionReached":false,"method":"GET","outputData":[],"outputSize":0,"parser":null,"path":"/v21.0/477592035111667","protocol":"https:","res":{"_consuming":true,"_dumped":false,"_events":{"close":[null,null,null],"end":[null,null,null],"error":[null,null,null],"finish":[null,null]},"_eventsCount":4,"_readableState":{"awaitDrainWriters":null,"buffer":[],"bufferIndex":0,"highWaterMark":16384,"length":0,"pipes":[]},"aborted":false,"client":{"_SNICallback":null,"_closeAfterHandlingError":false,"_controlReleased":true,"_events":{"close":[null,null,null]},"_eventsCount":9,"_hadError":false,"_host":"graph.facebook.com","_httpMessage":null,"_newSessionPending":false,"_parent":null,"_pendingData":null,"_pendingEncoding":"","_readableState":{"awaitDrainWriters":null,"buffer":[],"bufferIndex":0,"highWaterMark":16384,"length":0,"pipes":[]},"_rejectUnauthorized":true,"_requestCert":true,"_secureEstablished":true,"_securePending":false,"_server":null,"_sockname":null,"_tlsOptions":{"isServer":false,"pipe":false,"rejectUnauthorized":true,"requestCert":true,"secureContext":{"context":{}}},"_writableState":{"bufferedIndex":0,"corked":0,"highWaterMark":16384,"length":0,"pendingcb":0,"writelen":0},"allowHalfOpen":false,"alpnProtocol":false,"authorizationError":null,"authorized":true,"autoSelectFamilyAttemptedAddresses":["2a03:2880:f34a:8d:face:b00c:0:2:443"],"connecting":false,"encrypted":true,"parser":null,"secureConnecting":false,"servername":"graph.facebook.com","ssl":{"_parent":{"onconnection":null,"reading":true},"_parentWrap":null,"_secureContext":{"context":{}},"reading":true},"timeout":5000},"complete":true,"httpVersion":"1.1","httpVersionMajor":1,"httpVersionMinor":1,"method":null,"rawHeaders":["Content-Encoding","br","error-mid","3b61b1893bdda23cc09efe288a53acdf","Vary","Origin","Vary","Accept-Encoding","Access-Control-Allow-Origin","*","cross-origin-resource-policy","cross-origin","x-app-usage","{\"call_count\":0,\"total_cputime\":0,\"total_time\":0}","Content-Type","application/json","WWW-Authenticate","OAuth \"Facebook Platform\" \"invalid_token\" \"Error validating access token: Session has expired on Thursday, 16-Jan-25 07:00:00 PST. The current time is Thursday, 16-Jan-25 07:12:46 PST.\"","Strict-Transport-Security","max-age=15552000; preload","Pragma","no-cache","Cache-Control","no-store","Expires","Sat, 01 Jan 2000 00:00:00 GMT","x-fb-request-id","AwhNbfghHi7R6tP8ssormZp","x-fb-trace-id","GGM93PAKg0e","x-fb-rev","1019376741","X-FB-Debug","5yzczKSTL6u6KgZsTypZtmRAuf1Zdl5ZOXyrvIZ2wLC8eR0H/iVKI/uppn3qyTph8ra3KWhhWlNPJ5FFvSWY/w==","Date","Thu, 16 Jan 2025 15:12:46 GMT","Proxy-Status","http_request_error; e_proxy=\"AcK4A1oT2NvBoN1mansKeZSWPfNIXuYPgATId8sOTHniOy2Agon7XPW26hF_WbWLBXg_RDF_D4FHJcZfuOUY\"; e_fb_binaryversion=\"AcIS3C2rTYNK_RHTF-ozMwWY8HIDOc7H761KqE6EkpJgWn8mfl92RrbLlIt1p5t0mOBrQ1b_0iEDN4-3-F4yJgRJqYVEiZ8spZ0\"; e_fb_httpversion=\"AcJvKoSWcaP0cCB59jKVIqUsQi73WkEPmUE1-8cejh3Yrlc_AC8uO84TqWVI\"; e_fb_responsebytes=\"AcL17od_y02tIJ-GtW71SY20SpE2U0WKdyjBiOTl6GJ_Gf3zTGIQwf_K3FRE\"; e_fb_requesttime=\"AcLB4LBlQrbH8iG7Wi1uusWtOukMzHLqEDtDEBCAYuZ2Ic8OJ0idzuPHMlvbgJuHtpR2d2dzoQ\"; e_fb_requesthandler=\"AcLr63zasNrntiLYQFBzA1FiJXYOwKVBgsnUdOaoHs9F7Tnl-xe-wzgFXQ1C4DjfJAg3rEXjvRw\"; e_fb_hostheader=\"AcIWSDMoeqNP0-haFhIwcjf7KDMtoHCJXh9f8lAyPjzOhMD_sODSzXeXHj66esUAwKMOm2d3y1in72BI\"; e_fb_requestsequencenumber=\"AcL2pECn26Vinq_10i-NKIhM0e7gDfHasFt4jaNxVqIPC0LGCujHkvb-cGKQTw\"; e_upip=\"AcLp2HF2_MzRmukbXMHl-rko8-0vRkjlSfMPY_qUMW86kx5_7u5AfJhqPIukqQd0GIodrglqnw5ntxGsHprRVwdaCrKIubgkM8d-ARg\"; e_fb_builduser=\"AcJQ77LnubWm8L--gcGCjW3bE8WsWh5VAEVcOhzRKcbukWr4bG-qqrgdXWuakFJc3gg\"; e_fb_vipport=\"AcIyWmexGmmO0P62z3NM8M4Fjb83VuEEVudCUCkhuCnMASY5eCaYKVtcCwsS\"; e_clientaddr=\"AcKuqcdVgK4h7wJn8eZLSWXfieGM5FH-WT7oA0M0iI18miZwxNKogmCkTU_ZwkXjfy5M0SisZNflNnFTP4pXDudMiIZnU5c_hchii6h2mKoCHcpZGQ\"; e_fb_vipaddr=\"AcJ5GjlETqw149eXoaocL2on7cHBqCbi01q0KSYr4JSvV5Us0JbJp6MM91hN9UED1X3FOSNXgtCxlqSfTJbw-ZhzVgrG0AaJ7A\"; e_fb_configversion=\"AcJDZxeFxQTiZinubaSg5pyZtcFb8AzibXWmqKkFJOQ-9qt65Z2N4-F8r9EVDQ\", http_request_error; e_proxy=\"AcKJhviWMxoZBaCdGup3hsGbxG2-kxLcl5AYmZeJDDH6OtbkOhWGVCfE517wOOD_bSCPD4Ugfe787oU\"; e_fb_binaryversion=\"AcKYv7WlJx9wqaBidvrri3zsqLli25xpJEUTa1WWtu5lx6OvEReh9kqt6i_w92rxGsolO2vNswrZxSttHIe9Q_feVFGxruOCLXE\"; e_fb_httpversion=\"AcJ-LgwENlE5C0uJ7q9uEfnbRlCeOJVdeimlaZj3nmTVkwLPBvYY6pFUDCxl\"; e_fb_responsebytes=\"AcKefIGlyACm3ALtdc7hOpd3A3OuTmIa_cuW8k3HsM62Zish-PKJ__1BQAZj\"; e_fb_requesttime=\"AcJ7rLA_e9DmTx0obcQj_AGP54MtPQw4CFzmRWw38dDBNMlowfejEleHF8xS4J2LCy1DBq3f_w\"; e_fb_requesthandler=\"AcLVeZTk_-Cw7qx6WHkVDPa621_Dh_TJAQzs3VTIjNX9CFuKfLVrUJjuavjqf5JFneWONKftPCc\"; e_fb_hostheader=\"AcILO-LPmRX3lQSCU8CTjt1zj3HmFxH4-FTXGjAhsdlkGZPMoJlCooD9WuMZ_KUKoarLCL8x5DTFZt4U\"; e_fb_requestsequencenumber=\"AcICNZRONCZPJxQsIe_gMZqWB6nC48C9dSB8OOExItJDfhf5d-6hxpomoQ\"; e_upip=\"AcLlO3uE3Lmvezh1O_KH6X_yn3nRWDsBxXYImfW4CVxTLLVrLzaum1QZPGATdvVgRFTciGzYmgJID4-9XBXdy3HRh-Sp0VXT3Q\"; e_fb_builduser=\"AcIFck0kNMGptx9NEUJbNepVIWUG24YmyQ16aiXqcJyA2LaIR0FBa_MqXWK2ib7o5Mo\"; e_fb_vipport=\"AcIeygsxycrOJ_oY4qoIJSYSFzyIuBc32BowDthnO9E44t-fUbB_QM4LIiJ0\"; e_clientaddr=\"AcKxR2fc4nh5WGYtWH6QZK26Bj28KKu-LotcEiJIcX7wZyovKxH59__o9EGt4YfqyOry44X_bVZLebCS7NWXOCZ3q3K_gPpw7-xnL4Alen8lS8I0lvARkA\"; e_fb_vipaddr=\"AcLb6QABS052nQT4_bTpjNCkKjHYhKyvp5JXl98l2StIJt9YJZsEEarqAmCmk3BDogIz7_bnWD6cPawOr4GljTOMk8NS7imprQ\"; e_fb_configversion=\"AcIiKDcobWXddJw669mGrg3gckx43-I-C_tsQHfDpSAYYTG6EUgqM5UapuDOqw\"","X-FB-Connection-Quality","GOOD; q=0.7, rtt=61, rtx=0, c=10, mss=1380, tbw=3407, tp=-1, tpl=-1, uplat=202, ullat=0","Alt-Svc","h3=\":443\"; ma=86400","Connection","keep-alive","Content-Length","192"],"rawTrailers":[],"redirects":[],"req":"[Circular]","responseUrl":"https://graph.facebook.com/v21.0/477592035111667","socket":null,"statusCode":401,"statusMessage":"Unauthorized","upgrade":false,"url":""},"reusedSocket":false,"sendDate":false,"shouldKeepAlive":true,"socket":{"_SNICallback":null,"_closeAfterHandlingError":false,"_controlReleased":true,"_events":{"close":[null,null,null]},"_eventsCount":9,"_hadError":false,"_host":"graph.facebook.com","_httpMessage":null,"_newSessionPending":false,"_parent":null,"_pendingData":null,"_pendingEncoding":"","_readableState":{"awaitDrainWriters":null,"buffer":[],"bufferIndex":0,"highWaterMark":16384,"length":0,"pipes":[]},"_rejectUnauthorized":true,"_requestCert":true,"_secureEstablished":true,"_securePending":false,"_server":null,"_sockname":null,"_tlsOptions":{"isServer":false,"pipe":false,"rejectUnauthorized":true,"requestCert":true,"secureContext":{"context":{}}},"_writableState":{"bufferedIndex":0,"corked":0,"highWaterMark":16384,"length":0,"pendingcb":0,"writelen":0},"allowHalfOpen":false,"alpnProtocol":false,"authorizationError":null,"authorized":true,"autoSelectFamilyAttemptedAddresses":["2a03:2880:f34a:8d:face:b00c:0:2:443"],"connecting":false,"encrypted":true,"parser":null,"secureConnecting":false,"servername":"graph.facebook.com","ssl":{"_parent":{"onconnection":null,"reading":true},"_parentWrap":null,"_secureContext":{"context":{}},"reading":true},"timeout":5000},"strictContentLength":false,"timeoutCb":null,"upgradeOrConnect":false,"useChunkedEncodingByDefault":false,"writable":true},"status":401,"statusText":"Unauthorized"},"stack":"AxiosError: Request failed with status code 401\n    at settle (file:///E:/IT-Projects/UmrahCRM/server/node_modules/axios/lib/core/settle.js:19:12)\n    at BrotliDecompress.handleStreamEnd (file:///E:/IT-Projects/UmrahCRM/server/node_modules/axios/lib/adapters/http.js:599:11)\n    at BrotliDecompress.emit (node:events:531:35)\n    at endReadableNT (node:internal/streams/readable:1696:12)\n    at process.processTicksAndRejections (node:internal/process/task_queues:82:21)\n    at Axios.request (file:///E:/IT-Projects/UmrahCRM/server/node_modules/axios/lib/core/Axios.js:45:41)\n    at process.processTicksAndRejections (node:internal/process/task_queues:95:5)\n    at async getMediaUrl (file:///E:/IT-Projects/UmrahCRM/server/services/WhatsappService.js:110:22)\n    at async receiveMessage (file:///E:/IT-Projects/UmrahCRM/server/controllers/webhookController.js:128:26)","status":401,"timestamp":"2025-01-16T15:12:46.800Z"}
{"error":{"code":"ERR_BAD_REQUEST","config":{"adapter":["xhr","http","fetch"],"env":{},"headers":{"Accept":"application/json, text/plain, */*","Accept-Encoding":"gzip, compress, deflate, br","Authorization":"Bearer EAATEIhf8j5YBO2ZCsNOkEeqjzYVS7ZBitKyPFic3CWDm9t3lcnEdzKOCrsRJqq79uj8ZC5ZCDZAPZAqN6NyEXCkkV3TsvNHMgbYQdGY6AoSM6EY4GXFeRXu2CB72kKzxnQR3V6ZBfRVXiP7UrdylHZAiMYWiwlvM71AlRDNnkXil7AFjz2tO5YZBFPG6Ri7UkEYjJof8VhlgEONbN8BDrO1q3ZBZBG2ehErjENlEEFZAIXnZBL3AZD","User-Agent":"axios/1.7.9"},"maxBodyLength":-1,"maxContentLength":-1,"method":"get","timeout":0,"transformRequest":[null],"transformResponse":[null],"transitional":{"clarifyTimeoutError":false,"forcedJSONParsing":true,"silentJSONParsing":true},"url":"https://graph.facebook.com/v21.0/477592035111667","xsrfCookieName":"XSRF-TOKEN","xsrfHeaderName":"X-XSRF-TOKEN"},"message":"Request failed with status code 401","name":"AxiosError","stack":"AxiosError: Request failed with status code 401\n    at settle (file:///E:/IT-Projects/UmrahCRM/server/node_modules/axios/lib/core/settle.js:19:12)\n    at BrotliDecompress.handleStreamEnd (file:///E:/IT-Projects/UmrahCRM/server/node_modules/axios/lib/adapters/http.js:599:11)\n    at BrotliDecompress.emit (node:events:531:35)\n    at endReadableNT (node:internal/streams/readable:1696:12)\n    at process.processTicksAndRejections (node:internal/process/task_queues:82:21)\n    at Axios.request (file:///E:/IT-Projects/UmrahCRM/server/node_modules/axios/lib/core/Axios.js:45:41)\n    at process.processTicksAndRejections (node:internal/process/task_queues:95:5)\n    at async getMediaUrl (file:///E:/IT-Projects/UmrahCRM/server/services/WhatsappService.js:110:22)\n    at async receiveMessage (file:///E:/IT-Projects/UmrahCRM/server/controllers/webhookController.js:128:26)","status":401},"level":"error","message":"❌ Error processing webhook: Request failed with status code 401","timestamp":"2025-01-16T15:12:46.869Z"}
{"level":"info","message":"📥 Received webhook payload","object":"whatsapp_business_account","timestamp":"2025-01-16T16:01:04.764Z"}
{"level":"info","message":"📥 Received webhook payload","object":"whatsapp_business_account","timestamp":"2025-01-16T16:29:56.504Z"}
{"level":"info","message":"📥 Received webhook payload","object":"whatsapp_business_account","timestamp":"2025-01-16T16:34:56.290Z"}
{"level":"info","message":"📥 Received webhook payload","object":"whatsapp_business_account","timestamp":"2025-01-16T16:40:25.370Z"}
{"level":"info","message":"📥 Received webhook payload","object":"whatsapp_business_account","timestamp":"2025-01-16T16:41:17.863Z"}
{"level":"info","message":"📥 Received webhook payload","object":"whatsapp_business_account","timestamp":"2025-01-16T16:41:18.976Z"}
{"level":"info","message":"📥 Received webhook payload","object":"whatsapp_business_account","timestamp":"2025-01-16T16:41:38.492Z"}
{"level":"info","message":"📥 Received webhook payload","object":"whatsapp_business_account","timestamp":"2025-01-16T16:44:50.928Z"}
{"level":"info","message":"📥 Received webhook payload","object":"whatsapp_business_account","timestamp":"2025-01-16T16:48:42.142Z"}
{"level":"info","message":"📥 Received webhook payload","object":"whatsapp_business_account","timestamp":"2025-01-16T16:48:42.983Z"}
{"level":"info","message":"📥 Received webhook payload","object":"whatsapp_business_account","timestamp":"2025-01-16T17:01:20.168Z"}
{"level":"info","message":"📥 Received webhook payload","object":"whatsapp_business_account","timestamp":"2025-01-16T17:03:58.742Z"}
{"level":"info","message":"📥 Received webhook payload","object":"whatsapp_business_account","timestamp":"2025-01-16T17:03:59.708Z"}
